[0.008s] Invoking command in '/home/lrs-ubuntu/Documents/GitHub/LRS-zadania/workspace/build/template_drone_control': CMAKE_PREFIX_PATH=${CMAKE_PREFIX_PATH}:/opt/ros/foxy /usr/bin/cmake --build /home/lrs-ubuntu/Documents/GitHub/LRS-zadania/workspace/build/template_drone_control -- -j16 -l16
[0.043s] [35m[1mScanning dependencies of target swaarm_control[0m
[0.056s] [ 50%] Built target template_drone_control_node
[0.066s] [ 75%] [32mBuilding CXX object CMakeFiles/swaarm_control.dir/src/swaarm_control.cpp.o[0m
[3.020s] /home/lrs-ubuntu/Documents/GitHub/LRS-zadania/workspace/src/template_drone_control/src/swaarm_control.cpp: In member function ‘void MultiDroneControl::move_drones(MultiDroneControl::Coords)’:
[3.020s] /home/lrs-ubuntu/Documents/GitHub/LRS-zadania/workspace/src/template_drone_control/src/swaarm_control.cpp:286:35: error: no matching function for call to ‘spin_some(MultiDroneControl*)’
[3.020s]   286 |             rclcpp::spin_some(this);
[3.021s]       |                                   ^
[3.021s] In file included from /opt/ros/foxy/include/rclcpp/rclcpp.hpp:146,
[3.021s]                  from /home/lrs-ubuntu/Documents/GitHub/LRS-zadania/workspace/src/template_drone_control/src/swaarm_control.cpp:1:
[3.021s] /opt/ros/foxy/include/rclcpp/executors.hpp:35:1: note: candidate: ‘void rclcpp::spin_some(rclcpp::node_interfaces::NodeBaseInterface::SharedPtr)’
[3.021s]    35 | spin_some(rclcpp::node_interfaces::NodeBaseInterface::SharedPtr node_ptr);
[3.021s]       | ^~~~~~~~~
[3.021s] /opt/ros/foxy/include/rclcpp/executors.hpp:35:65: note:   no known conversion for argument 1 from ‘MultiDroneControl*’ to ‘rclcpp::node_interfaces::NodeBaseInterface::SharedPtr’ {aka ‘std::shared_ptr<rclcpp::node_interfaces::NodeBaseInterface>’}
[3.021s]    35 | spin_some(rclcpp::node_interfaces::NodeBaseInterface::SharedPtr node_ptr);
[3.021s]       |           ~~~~~~~~~~~~~~~~~~~~~~~~~~~~~~~~~~~~~~~~~~~~~~~~~~~~~~^~~~~~~~
[3.021s] /opt/ros/foxy/include/rclcpp/executors.hpp:39:1: note: candidate: ‘void rclcpp::spin_some(rclcpp::Node::SharedPtr)’
[3.021s]    39 | spin_some(rclcpp::Node::SharedPtr node_ptr);
[3.021s]       | ^~~~~~~~~
[3.021s] /opt/ros/foxy/include/rclcpp/executors.hpp:39:35: note:   no known conversion for argument 1 from ‘MultiDroneControl*’ to ‘rclcpp::Node::SharedPtr’ {aka ‘std::shared_ptr<rclcpp::Node>’}
[3.021s]    39 | spin_some(rclcpp::Node::SharedPtr node_ptr);
[3.021s]       |           ~~~~~~~~~~~~~~~~~~~~~~~~^~~~~~~~
[3.021s] /home/lrs-ubuntu/Documents/GitHub/LRS-zadania/workspace/src/template_drone_control/src/swaarm_control.cpp:257:21: warning: unused variable ‘drone2’ [-Wunused-variable]
[3.021s]   257 |         const auto &drone2 = drone_namespaces_[1];
[3.021s]       |                     ^~~~~~
[3.021s] /home/lrs-ubuntu/Documents/GitHub/LRS-zadania/workspace/src/template_drone_control/src/swaarm_control.cpp:258:21: warning: unused variable ‘drone3’ [-Wunused-variable]
[3.021s]   258 |         const auto &drone3 = drone_namespaces_[2];
[3.021s]       |                     ^~~~~~
[3.022s] make[2]: *** [CMakeFiles/swaarm_control.dir/build.make:63: CMakeFiles/swaarm_control.dir/src/swaarm_control.cpp.o] Error 1
[3.022s] make[1]: *** [CMakeFiles/Makefile2:80: CMakeFiles/swaarm_control.dir/all] Error 2
[3.022s] make: *** [Makefile:141: all] Error 2
[3.022s] Invoked command in '/home/lrs-ubuntu/Documents/GitHub/LRS-zadania/workspace/build/template_drone_control' returned '2': CMAKE_PREFIX_PATH=${CMAKE_PREFIX_PATH}:/opt/ros/foxy /usr/bin/cmake --build /home/lrs-ubuntu/Documents/GitHub/LRS-zadania/workspace/build/template_drone_control -- -j16 -l16
