[0.008s] Invoking command in '/home/lrs-ubuntu/Documents/GitHub/LRS-zadania/workspace/build/template_drone_control': CMAKE_PREFIX_PATH=${CMAKE_PREFIX_PATH}:/opt/ros/foxy /usr/bin/cmake --build /home/lrs-ubuntu/Documents/GitHub/LRS-zadania/workspace/build/template_drone_control -- -j16 -l16
[0.035s] [35m[1mScanning dependencies of target swaarm_control[0m
[0.047s] [ 50%] Built target template_drone_control_node
[0.063s] [ 75%] [32mBuilding CXX object CMakeFiles/swaarm_control.dir/src/swaarm_control.cpp.o[0m
[3.084s] /home/lrs-ubuntu/Documents/GitHub/LRS-zadania/workspace/src/template_drone_control/src/swaarm_control.cpp: In lambda function:
[3.084s] /home/lrs-ubuntu/Documents/GitHub/LRS-zadania/workspace/src/template_drone_control/src/swaarm_control.cpp:89:38: error: expected ‘{’ before ‘=’ token
[3.084s]    89 |         [coordsDrone2, coordsDrone3] = calculateFollowerPositions(coordsDrone1, coordsDrone1.angle);
[3.084s]       |                                      ^
[3.084s] /home/lrs-ubuntu/Documents/GitHub/LRS-zadania/workspace/src/template_drone_control/src/swaarm_control.cpp: In constructor ‘MultiDroneControl::MultiDroneControl()’:
[3.084s] /home/lrs-ubuntu/Documents/GitHub/LRS-zadania/workspace/src/template_drone_control/src/swaarm_control.cpp:89:99: error: no match for ‘operator=’ (operand types are ‘MultiDroneControl::MultiDroneControl()::<lambda()>’ and ‘std::pair<MultiDroneControl::Coords, MultiDroneControl::Coords>’)
[3.084s]    89 |         [coordsDrone2, coordsDrone3] = calculateFollowerPositions(coordsDrone1, coordsDrone1.angle);
[3.084s]       |                                                                                                   ^
[3.084s] /home/lrs-ubuntu/Documents/GitHub/LRS-zadania/workspace/src/template_drone_control/src/swaarm_control.cpp:89:36: note: candidate: ‘MultiDroneControl::MultiDroneControl()::<lambda()>& MultiDroneControl::MultiDroneControl()::<lambda()>::operator=(const MultiDroneControl::MultiDroneControl()::<lambda()>&)’ <deleted>
[3.084s]    89 |         [coordsDrone2, coordsDrone3] = calculateFollowerPositions(coordsDrone1, coordsDrone1.angle);
[3.085s]       |                                    ^
[3.085s] /home/lrs-ubuntu/Documents/GitHub/LRS-zadania/workspace/src/template_drone_control/src/swaarm_control.cpp:89:36: note:   no known conversion for argument 1 from ‘std::pair<MultiDroneControl::Coords, MultiDroneControl::Coords>’ to ‘const MultiDroneControl::MultiDroneControl()::<lambda()>&’
[3.085s] /home/lrs-ubuntu/Documents/GitHub/LRS-zadania/workspace/src/template_drone_control/src/swaarm_control.cpp:65:16: warning: unused variable ‘droneCoords’ [-Wunused-variable]
[3.085s]    65 |         Coords droneCoords;
[3.085s]       |                ^~~~~~~~~~~
[3.085s] /home/lrs-ubuntu/Documents/GitHub/LRS-zadania/workspace/src/template_drone_control/src/swaarm_control.cpp: In member function ‘std::pair<MultiDroneControl::Coords, MultiDroneControl::Coords> MultiDroneControl::calculateFollowerPositions(const MultiDroneControl::Coords&, double)’:
[3.085s] /home/lrs-ubuntu/Documents/GitHub/LRS-zadania/workspace/src/template_drone_control/src/swaarm_control.cpp:166:16: warning: unused variable ‘angleRad’ [-Wunused-variable]
[3.085s]   166 |         double angleRad = angle * M_PI / 180.0;
[3.085s]       |                ^~~~~~~~
[3.085s] /home/lrs-ubuntu/Documents/GitHub/LRS-zadania/workspace/src/template_drone_control/src/swaarm_control.cpp: In member function ‘void MultiDroneControl::move_drone(const string&, const MultiDroneControl::Coords&)’:
[3.085s] /home/lrs-ubuntu/Documents/GitHub/LRS-zadania/workspace/src/template_drone_control/src/swaarm_control.cpp:208:9: error: ‘target_pose’ was not declared in this scope
[3.085s]   208 |         target_pose.pose.orientation.x = q.x();
[3.085s]       |         ^~~~~~~~~~~
[3.085s] /home/lrs-ubuntu/Documents/GitHub/LRS-zadania/workspace/src/template_drone_control/src/swaarm_control.cpp: In member function ‘MultiDroneControl::Coords MultiDroneControl::get_coords(const string&)’:
[3.086s] /home/lrs-ubuntu/Documents/GitHub/LRS-zadania/workspace/src/template_drone_control/src/swaarm_control.cpp:244:13: warning: unused variable ‘i’ [-Wunused-variable]
[3.086s]   244 |         int i = 0;
[3.086s]       |             ^
[3.086s] /home/lrs-ubuntu/Documents/GitHub/LRS-zadania/workspace/src/template_drone_control/src/swaarm_control.cpp:242:42: warning: unused parameter ‘ns’ [-Wunused-parameter]
[3.086s]   242 |     Coords get_coords(const std::string &ns){
[3.086s]       |                       ~~~~~~~~~~~~~~~~~~~^~
[3.086s] make[2]: *** [CMakeFiles/swaarm_control.dir/build.make:63: CMakeFiles/swaarm_control.dir/src/swaarm_control.cpp.o] Error 1
[3.086s] make[1]: *** [CMakeFiles/Makefile2:80: CMakeFiles/swaarm_control.dir/all] Error 2
[3.086s] make: *** [Makefile:141: all] Error 2
[3.087s] Invoked command in '/home/lrs-ubuntu/Documents/GitHub/LRS-zadania/workspace/build/template_drone_control' returned '2': CMAKE_PREFIX_PATH=${CMAKE_PREFIX_PATH}:/opt/ros/foxy /usr/bin/cmake --build /home/lrs-ubuntu/Documents/GitHub/LRS-zadania/workspace/build/template_drone_control -- -j16 -l16
