[0.184s] DEBUG:colcon:Command line arguments: ['/usr/bin/colcon', 'build']
[0.184s] DEBUG:colcon:Parsed command line arguments: Namespace(allow_overriding=[], ament_cmake_args=None, base_paths=['.'], build_base='build', catkin_cmake_args=None, catkin_skip_building_tests=False, cmake_args=None, cmake_clean_cache=False, cmake_clean_first=False, cmake_force_configure=False, cmake_target=None, cmake_target_skip_unavailable=False, continue_on_error=False, event_handlers=None, executor='parallel', ignore_user_meta=False, install_base='install', log_base=None, log_level=None, main=<bound method BuildVerb.main of <colcon_core.verb.build.BuildVerb object at 0x7f98bf881c40>>, merge_install=False, metas=['./colcon.meta'], mixin=None, mixin_files=None, mixin_verb=('build',), packages_above=None, packages_above_and_dependencies=None, packages_above_depth=None, packages_end=None, packages_ignore=None, packages_ignore_regex=None, packages_select=None, packages_select_build_failed=False, packages_select_by_dep=None, packages_select_regex=None, packages_select_test_failures=False, packages_skip=None, packages_skip_build_finished=False, packages_skip_by_dep=None, packages_skip_regex=None, packages_skip_test_passed=False, packages_skip_up_to=None, packages_start=None, packages_up_to=None, packages_up_to_regex=None, parallel_workers=16, paths=None, symlink_install=False, test_result_base=None, verb_extension=<colcon_core.verb.build.BuildVerb object at 0x7f98bf881c40>, verb_name='build', verb_parser=<colcon_mixin.mixin.mixin_argument.MixinArgumentDecorator object at 0x7f98bf76dfa0>)
[0.322s] Level 1:colcon.colcon_core.package_discovery:discover_packages(colcon_meta) check parameters
[0.322s] Level 1:colcon.colcon_core.package_discovery:discover_packages(recursive) check parameters
[0.322s] Level 1:colcon.colcon_core.package_discovery:discover_packages(ignore) check parameters
[0.322s] Level 1:colcon.colcon_core.package_discovery:discover_packages(path) check parameters
[0.322s] Level 1:colcon.colcon_core.package_discovery:discover_packages(colcon_meta) discover
[0.322s] Level 1:colcon.colcon_core.package_discovery:discover_packages(recursive) discover
[0.322s] INFO:colcon.colcon_core.package_discovery:Crawling recursively for packages in '/home/matus/LRS-zadania/workspace'
[0.322s] Level 1:colcon.colcon_core.package_identification:_identify(.) by extensions ['ignore', 'ignore_ament_install']
[0.322s] Level 1:colcon.colcon_core.package_identification:_identify(.) by extension 'ignore'
[0.322s] Level 1:colcon.colcon_core.package_identification:_identify(.) by extension 'ignore_ament_install'
[0.322s] Level 1:colcon.colcon_core.package_identification:_identify(.) by extensions ['colcon_pkg']
[0.322s] Level 1:colcon.colcon_core.package_identification:_identify(.) by extension 'colcon_pkg'
[0.322s] Level 1:colcon.colcon_core.package_identification:_identify(.) by extensions ['colcon_meta']
[0.322s] Level 1:colcon.colcon_core.package_identification:_identify(.) by extension 'colcon_meta'
[0.322s] Level 1:colcon.colcon_core.package_identification:_identify(.) by extensions ['ros']
[0.322s] Level 1:colcon.colcon_core.package_identification:_identify(.) by extension 'ros'
[0.333s] Level 1:colcon.colcon_core.package_identification:_identify(.) by extensions ['cmake', 'python']
[0.333s] Level 1:colcon.colcon_core.package_identification:_identify(.) by extension 'cmake'
[0.333s] Level 1:colcon.colcon_core.package_identification:_identify(.) by extension 'python'
[0.333s] Level 1:colcon.colcon_core.package_identification:_identify(.) by extensions ['python_setup_py']
[0.333s] Level 1:colcon.colcon_core.package_identification:_identify(.) by extension 'python_setup_py'
[0.334s] Level 1:colcon.colcon_core.package_identification:_identify(build) by extensions ['ignore', 'ignore_ament_install']
[0.334s] Level 1:colcon.colcon_core.package_identification:_identify(build) by extension 'ignore'
[0.334s] Level 1:colcon.colcon_core.package_identification:_identify(build) ignored
[0.334s] Level 1:colcon.colcon_core.package_identification:_identify(install) by extensions ['ignore', 'ignore_ament_install']
[0.334s] Level 1:colcon.colcon_core.package_identification:_identify(install) by extension 'ignore'
[0.334s] Level 1:colcon.colcon_core.package_identification:_identify(install) ignored
[0.334s] Level 1:colcon.colcon_core.package_identification:_identify(log) by extensions ['ignore', 'ignore_ament_install']
[0.334s] Level 1:colcon.colcon_core.package_identification:_identify(log) by extension 'ignore'
[0.334s] Level 1:colcon.colcon_core.package_identification:_identify(log) ignored
[0.334s] Level 1:colcon.colcon_core.package_identification:_identify(src) by extensions ['ignore', 'ignore_ament_install']
[0.334s] Level 1:colcon.colcon_core.package_identification:_identify(src) by extension 'ignore'
[0.334s] Level 1:colcon.colcon_core.package_identification:_identify(src) by extension 'ignore_ament_install'
[0.334s] Level 1:colcon.colcon_core.package_identification:_identify(src) by extensions ['colcon_pkg']
[0.334s] Level 1:colcon.colcon_core.package_identification:_identify(src) by extension 'colcon_pkg'
[0.334s] Level 1:colcon.colcon_core.package_identification:_identify(src) by extensions ['colcon_meta']
[0.334s] Level 1:colcon.colcon_core.package_identification:_identify(src) by extension 'colcon_meta'
[0.334s] Level 1:colcon.colcon_core.package_identification:_identify(src) by extensions ['ros']
[0.334s] Level 1:colcon.colcon_core.package_identification:_identify(src) by extension 'ros'
[0.335s] Level 1:colcon.colcon_core.package_identification:_identify(src) by extensions ['cmake', 'python']
[0.335s] Level 1:colcon.colcon_core.package_identification:_identify(src) by extension 'cmake'
[0.335s] Level 1:colcon.colcon_core.package_identification:_identify(src) by extension 'python'
[0.335s] Level 1:colcon.colcon_core.package_identification:_identify(src) by extensions ['python_setup_py']
[0.335s] Level 1:colcon.colcon_core.package_identification:_identify(src) by extension 'python_setup_py'
[0.335s] Level 1:colcon.colcon_core.package_identification:_identify(src/my_package) by extensions ['ignore', 'ignore_ament_install']
[0.335s] Level 1:colcon.colcon_core.package_identification:_identify(src/my_package) by extension 'ignore'
[0.335s] Level 1:colcon.colcon_core.package_identification:_identify(src/my_package) by extension 'ignore_ament_install'
[0.335s] Level 1:colcon.colcon_core.package_identification:_identify(src/my_package) by extensions ['colcon_pkg']
[0.335s] Level 1:colcon.colcon_core.package_identification:_identify(src/my_package) by extension 'colcon_pkg'
[0.335s] Level 1:colcon.colcon_core.package_identification:_identify(src/my_package) by extensions ['colcon_meta']
[0.335s] Level 1:colcon.colcon_core.package_identification:_identify(src/my_package) by extension 'colcon_meta'
[0.335s] Level 1:colcon.colcon_core.package_identification:_identify(src/my_package) by extensions ['ros']
[0.335s] Level 1:colcon.colcon_core.package_identification:_identify(src/my_package) by extension 'ros'
[0.338s] DEBUG:colcon.colcon_core.package_identification:Package 'src/my_package' with type 'ros.ament_cmake' and name 'my_package'
[0.338s] Level 1:colcon.colcon_core.package_discovery:discover_packages(recursive) using defaults
[0.338s] Level 1:colcon.colcon_core.package_discovery:discover_packages(ignore) discover
[0.338s] Level 1:colcon.colcon_core.package_discovery:discover_packages(ignore) using defaults
[0.338s] Level 1:colcon.colcon_core.package_discovery:discover_packages(path) discover
[0.338s] Level 1:colcon.colcon_core.package_discovery:discover_packages(path) using defaults
[0.352s] Level 1:colcon.colcon_core.package_discovery:discover_packages(prefix_path) check parameters
[0.353s] Level 1:colcon.colcon_core.package_discovery:discover_packages(prefix_path) discover
[0.354s] DEBUG:colcon.colcon_installed_package_information.package_discovery:Found 0 installed packages in /home/matus/LRS-zadania/workspace/install
[0.355s] DEBUG:colcon.colcon_installed_package_information.package_discovery:Found 262 installed packages in /opt/ros/foxy
[0.358s] Level 1:colcon.colcon_core.package_discovery:discover_packages(prefix_path) using defaults
[0.429s] Level 5:colcon.colcon_core.verb:set package 'my_package' build argument 'cmake_args' from command line to 'None'
[0.429s] Level 5:colcon.colcon_core.verb:set package 'my_package' build argument 'cmake_target' from command line to 'None'
[0.429s] Level 5:colcon.colcon_core.verb:set package 'my_package' build argument 'cmake_target_skip_unavailable' from command line to 'False'
[0.429s] Level 5:colcon.colcon_core.verb:set package 'my_package' build argument 'cmake_clean_cache' from command line to 'False'
[0.429s] Level 5:colcon.colcon_core.verb:set package 'my_package' build argument 'cmake_clean_first' from command line to 'False'
[0.429s] Level 5:colcon.colcon_core.verb:set package 'my_package' build argument 'cmake_force_configure' from command line to 'False'
[0.429s] Level 5:colcon.colcon_core.verb:set package 'my_package' build argument 'ament_cmake_args' from command line to 'None'
[0.429s] Level 5:colcon.colcon_core.verb:set package 'my_package' build argument 'catkin_cmake_args' from command line to 'None'
[0.429s] Level 5:colcon.colcon_core.verb:set package 'my_package' build argument 'catkin_skip_building_tests' from command line to 'False'
[0.429s] DEBUG:colcon.colcon_core.verb:Building package 'my_package' with the following arguments: {'ament_cmake_args': None, 'build_base': '/home/matus/LRS-zadania/workspace/build/my_package', 'catkin_cmake_args': None, 'catkin_skip_building_tests': False, 'cmake_args': None, 'cmake_clean_cache': False, 'cmake_clean_first': False, 'cmake_force_configure': False, 'cmake_target': None, 'cmake_target_skip_unavailable': False, 'install_base': '/home/matus/LRS-zadania/workspace/install/my_package', 'merge_install': False, 'path': '/home/matus/LRS-zadania/workspace/src/my_package', 'symlink_install': False, 'test_result_base': None}
[0.429s] INFO:colcon.colcon_core.executor:Executing jobs using 'parallel' executor
[0.431s] DEBUG:colcon.colcon_parallel_executor.executor.parallel:run_until_complete
[0.431s] INFO:colcon.colcon_ros.task.ament_cmake.build:Building ROS package in '/home/matus/LRS-zadania/workspace/src/my_package' with build type 'ament_cmake'
[0.431s] INFO:colcon.colcon_cmake.task.cmake.build:Building CMake package in '/home/matus/LRS-zadania/workspace/src/my_package'
[0.434s] INFO:colcon.colcon_core.plugin_system:Skipping extension 'colcon_core.shell.bat': Not used on non-Windows systems
[0.434s] INFO:colcon.colcon_core.shell:Skip shell extension 'powershell' for command environment: Not usable outside of PowerShell
[0.434s] DEBUG:colcon.colcon_core.shell:Skip shell extension 'dsv' for command environment
[0.462s] DEBUG:colcon.colcon_core.event_handler.log_command:Invoking command in '/home/matus/LRS-zadania/workspace/build/my_package': CMAKE_PREFIX_PATH=/opt/ros/foxy /usr/bin/cmake /home/matus/LRS-zadania/workspace/src/my_package -DCMAKE_INSTALL_PREFIX=/home/matus/LRS-zadania/workspace/install/my_package
[1.820s] DEBUG:colcon.colcon_core.event_handler.log_command:Invoked command in '/home/matus/LRS-zadania/workspace/build/my_package' returned '0': CMAKE_PREFIX_PATH=/opt/ros/foxy /usr/bin/cmake /home/matus/LRS-zadania/workspace/src/my_package -DCMAKE_INSTALL_PREFIX=/home/matus/LRS-zadania/workspace/install/my_package
[1.829s] DEBUG:colcon.colcon_core.event_handler.log_command:Invoking command in '/home/matus/LRS-zadania/workspace/build/my_package': CMAKE_PREFIX_PATH=/opt/ros/foxy /usr/bin/cmake --build /home/matus/LRS-zadania/workspace/build/my_package -- -j16 -l16
[2.137s] DEBUG:colcon.colcon_core.event_handler.log_command:Invoked command in '/home/matus/LRS-zadania/workspace/build/my_package' returned '0': CMAKE_PREFIX_PATH=/opt/ros/foxy /usr/bin/cmake --build /home/matus/LRS-zadania/workspace/build/my_package -- -j16 -l16
[2.224s] DEBUG:colcon.colcon_core.event_handler.log_command:Invoking command in '/home/matus/LRS-zadania/workspace/build/my_package': CMAKE_PREFIX_PATH=/opt/ros/foxy /usr/bin/cmake --install /home/matus/LRS-zadania/workspace/build/my_package
[2.246s] Level 1:colcon.colcon_core.environment:create_environment_scripts_only(my_package)
[2.248s] DEBUG:colcon.colcon_core.event_handler.log_command:Invoked command in '/home/matus/LRS-zadania/workspace/build/my_package' returned '0': CMAKE_PREFIX_PATH=/opt/ros/foxy /usr/bin/cmake --install /home/matus/LRS-zadania/workspace/build/my_package
[2.256s] Level 1:colcon.colcon_core.environment:checking '/home/matus/LRS-zadania/workspace/install/my_package' for CMake module files
[2.257s] Level 1:colcon.colcon_core.environment:checking '/home/matus/LRS-zadania/workspace/install/my_package' for CMake config files
[2.258s] Level 1:colcon.colcon_core.shell:create_environment_hook('my_package', 'cmake_prefix_path')
[2.258s] INFO:colcon.colcon_core.shell:Creating environment hook '/home/matus/LRS-zadania/workspace/install/my_package/share/my_package/hook/cmake_prefix_path.ps1'
[2.260s] INFO:colcon.colcon_core.shell:Creating environment descriptor '/home/matus/LRS-zadania/workspace/install/my_package/share/my_package/hook/cmake_prefix_path.dsv'
[2.260s] INFO:colcon.colcon_core.shell:Creating environment hook '/home/matus/LRS-zadania/workspace/install/my_package/share/my_package/hook/cmake_prefix_path.sh'
[2.262s] Level 1:colcon.colcon_core.environment:checking '/home/matus/LRS-zadania/workspace/install/my_package/lib'
[2.263s] Level 1:colcon.colcon_core.environment:checking '/home/matus/LRS-zadania/workspace/install/my_package/bin'
[2.263s] Level 1:colcon.colcon_core.environment:checking '/home/matus/LRS-zadania/workspace/install/my_package/lib/pkgconfig/my_package.pc'
[2.263s] Level 1:colcon.colcon_core.environment:checking '/home/matus/LRS-zadania/workspace/install/my_package/lib/python3.8/site-packages'
[2.264s] Level 1:colcon.colcon_core.environment:checking '/home/matus/LRS-zadania/workspace/install/my_package/bin'
[2.264s] INFO:colcon.colcon_core.shell:Creating package script '/home/matus/LRS-zadania/workspace/install/my_package/share/my_package/package.ps1'
[2.267s] INFO:colcon.colcon_core.shell:Creating package descriptor '/home/matus/LRS-zadania/workspace/install/my_package/share/my_package/package.dsv'
[2.268s] INFO:colcon.colcon_core.shell:Creating package script '/home/matus/LRS-zadania/workspace/install/my_package/share/my_package/package.sh'
[2.270s] INFO:colcon.colcon_core.shell:Creating package script '/home/matus/LRS-zadania/workspace/install/my_package/share/my_package/package.bash'
[2.271s] INFO:colcon.colcon_core.shell:Creating package script '/home/matus/LRS-zadania/workspace/install/my_package/share/my_package/package.zsh'
[2.273s] Level 1:colcon.colcon_core.environment:create_file_with_runtime_dependencies(/home/matus/LRS-zadania/workspace/install/my_package/share/colcon-core/packages/my_package)
[2.335s] Level 1:colcon.colcon_core.environment:create_environment_scripts_only(my_package)
[2.336s] Level 1:colcon.colcon_core.environment:checking '/home/matus/LRS-zadania/workspace/install/my_package' for CMake module files
[2.338s] Level 1:colcon.colcon_core.environment:checking '/home/matus/LRS-zadania/workspace/install/my_package' for CMake config files
[2.338s] Level 1:colcon.colcon_core.shell:create_environment_hook('my_package', 'cmake_prefix_path')
[2.339s] INFO:colcon.colcon_core.shell:Creating environment hook '/home/matus/LRS-zadania/workspace/install/my_package/share/my_package/hook/cmake_prefix_path.ps1'
[2.340s] INFO:colcon.colcon_core.shell:Creating environment descriptor '/home/matus/LRS-zadania/workspace/install/my_package/share/my_package/hook/cmake_prefix_path.dsv'
[2.341s] INFO:colcon.colcon_core.shell:Creating environment hook '/home/matus/LRS-zadania/workspace/install/my_package/share/my_package/hook/cmake_prefix_path.sh'
[2.342s] Level 1:colcon.colcon_core.environment:checking '/home/matus/LRS-zadania/workspace/install/my_package/lib'
[2.342s] Level 1:colcon.colcon_core.environment:checking '/home/matus/LRS-zadania/workspace/install/my_package/bin'
[2.343s] Level 1:colcon.colcon_core.environment:checking '/home/matus/LRS-zadania/workspace/install/my_package/lib/pkgconfig/my_package.pc'
[2.343s] Level 1:colcon.colcon_core.environment:checking '/home/matus/LRS-zadania/workspace/install/my_package/lib/python3.8/site-packages'
[2.344s] Level 1:colcon.colcon_core.environment:checking '/home/matus/LRS-zadania/workspace/install/my_package/bin'
[2.344s] INFO:colcon.colcon_core.shell:Creating package script '/home/matus/LRS-zadania/workspace/install/my_package/share/my_package/package.ps1'
[2.346s] INFO:colcon.colcon_core.shell:Creating package descriptor '/home/matus/LRS-zadania/workspace/install/my_package/share/my_package/package.dsv'
[2.346s] INFO:colcon.colcon_core.shell:Creating package script '/home/matus/LRS-zadania/workspace/install/my_package/share/my_package/package.sh'
[2.347s] INFO:colcon.colcon_core.shell:Creating package script '/home/matus/LRS-zadania/workspace/install/my_package/share/my_package/package.bash'
[2.347s] INFO:colcon.colcon_core.shell:Creating package script '/home/matus/LRS-zadania/workspace/install/my_package/share/my_package/package.zsh'
[2.348s] Level 1:colcon.colcon_core.environment:create_file_with_runtime_dependencies(/home/matus/LRS-zadania/workspace/install/my_package/share/colcon-core/packages/my_package)
[2.348s] DEBUG:colcon.colcon_parallel_executor.executor.parallel:closing loop
[2.348s] DEBUG:colcon.colcon_parallel_executor.executor.parallel:loop closed
[2.348s] DEBUG:colcon.colcon_parallel_executor.executor.parallel:run_until_complete finished with '0'
[2.349s] DEBUG:colcon.colcon_core.event_reactor:joining thread
[2.354s] INFO:colcon.colcon_core.plugin_system:Skipping extension 'colcon_notification.desktop_notification.terminal_notifier': Not used on non-Darwin systems
[2.355s] INFO:colcon.colcon_core.plugin_system:Skipping extension 'colcon_notification.desktop_notification.win32': Not used on non-Windows systems
[2.355s] INFO:colcon.colcon_notification.desktop_notification:Sending desktop notification using 'notify2'
[2.385s] DEBUG:colcon.colcon_core.event_reactor:joined thread
[2.386s] INFO:colcon.colcon_core.shell:Creating prefix script '/home/matus/LRS-zadania/workspace/install/local_setup.ps1'
[2.388s] INFO:colcon.colcon_core.shell:Creating prefix util module '/home/matus/LRS-zadania/workspace/install/_local_setup_util_ps1.py'
[2.392s] INFO:colcon.colcon_core.shell:Creating prefix chain script '/home/matus/LRS-zadania/workspace/install/setup.ps1'
[2.394s] INFO:colcon.colcon_core.shell:Creating prefix script '/home/matus/LRS-zadania/workspace/install/local_setup.sh'
[2.395s] INFO:colcon.colcon_core.shell:Creating prefix util module '/home/matus/LRS-zadania/workspace/install/_local_setup_util_sh.py'
[2.396s] INFO:colcon.colcon_core.shell:Creating prefix chain script '/home/matus/LRS-zadania/workspace/install/setup.sh'
[2.398s] INFO:colcon.colcon_core.shell:Creating prefix script '/home/matus/LRS-zadania/workspace/install/local_setup.bash'
[2.399s] INFO:colcon.colcon_core.shell:Creating prefix chain script '/home/matus/LRS-zadania/workspace/install/setup.bash'
[2.400s] INFO:colcon.colcon_core.shell:Creating prefix script '/home/matus/LRS-zadania/workspace/install/local_setup.zsh'
[2.401s] INFO:colcon.colcon_core.shell:Creating prefix chain script '/home/matus/LRS-zadania/workspace/install/setup.zsh'
