[0.007s] Invoking command in '/home/lrs-ubuntu/Documents/GitHub/LRS-zadania/workspace/build/template_drone_control': CMAKE_PREFIX_PATH=/opt/ros/foxy /usr/bin/cmake --build /home/lrs-ubuntu/Documents/GitHub/LRS-zadania/workspace/build/template_drone_control -- -j16 -l16
[0.038s] [35m[1mScanning dependencies of target template_drone_control_node[0m
[0.061s] [ 50%] [32mBuilding CXX object CMakeFiles/template_drone_control_node.dir/src/template_drone_control_node.cpp.o[0m
[2.968s] /home/lrs-ubuntu/Documents/GitHub/LRS-zadania/workspace/src/template_drone_control/src/template_drone_control_node.cpp: In member function ‘void TemplateDroneControl::turn(std::string, double)’:
[2.968s] /home/lrs-ubuntu/Documents/GitHub/LRS-zadania/workspace/src/template_drone_control/src/template_drone_control_node.cpp:422:18: error: ‘Matrix3x3’ is not a member of ‘tf2’
[2.968s]   422 |             tf2::Matrix3x3(q_current).getRPY(roll, pitch, yaw);
[2.968s]       |                  ^~~~~~~~~
[2.968s] /home/lrs-ubuntu/Documents/GitHub/LRS-zadania/workspace/src/template_drone_control/src/template_drone_control_node.cpp:463:18: error: ‘Matrix3x3’ is not a member of ‘tf2’
[2.968s]   463 |             tf2::Matrix3x3(q_current).getRPY(roll, pitch, yaw);
[2.968s]       |                  ^~~~~~~~~
[2.968s] /home/lrs-ubuntu/Documents/GitHub/LRS-zadania/workspace/src/template_drone_control/src/template_drone_control_node.cpp:467:38: error: ‘angle_tolerance’ was not declared in this scope
[2.968s]   467 |             if (angle_diff_return <= angle_tolerance) break;
[2.968s]       |                                      ^~~~~~~~~~~~~~~
[2.969s] /home/lrs-ubuntu/Documents/GitHub/LRS-zadania/workspace/src/template_drone_control/src/template_drone_control_node.cpp:379:16: warning: unused variable ‘initial_angle’ [-Wunused-variable]
[2.969s]   379 |         double initial_angle = angle;
[2.969s]       |                ^~~~~~~~~~~~~
[2.970s] make[2]: *** [CMakeFiles/template_drone_control_node.dir/build.make:63: CMakeFiles/template_drone_control_node.dir/src/template_drone_control_node.cpp.o] Error 1
[2.970s] make[1]: *** [CMakeFiles/Makefile2:105: CMakeFiles/template_drone_control_node.dir/all] Error 2
[2.970s] make: *** [Makefile:141: all] Error 2
[2.971s] Invoked command in '/home/lrs-ubuntu/Documents/GitHub/LRS-zadania/workspace/build/template_drone_control' returned '2': CMAKE_PREFIX_PATH=/opt/ros/foxy /usr/bin/cmake --build /home/lrs-ubuntu/Documents/GitHub/LRS-zadania/workspace/build/template_drone_control -- -j16 -l16
