[0.007s] Invoking command in '/home/lrs-ubuntu/Documents/GitHub/LRS-zadania/workspace/build/template_drone_control': CMAKE_PREFIX_PATH=/opt/ros/foxy /usr/bin/cmake --build /home/lrs-ubuntu/Documents/GitHub/LRS-zadania/workspace/build/template_drone_control -- -j16 -l16
[0.046s] [100%] Built target template_drone_control_node
[0.053s] Invoked command in '/home/lrs-ubuntu/Documents/GitHub/LRS-zadania/workspace/build/template_drone_control' returned '0': CMAKE_PREFIX_PATH=/opt/ros/foxy /usr/bin/cmake --build /home/lrs-ubuntu/Documents/GitHub/LRS-zadania/workspace/build/template_drone_control -- -j16 -l16
[0.075s] Invoking command in '/home/lrs-ubuntu/Documents/GitHub/LRS-zadania/workspace/build/template_drone_control': CMAKE_PREFIX_PATH=/opt/ros/foxy /usr/bin/cmake --install /home/lrs-ubuntu/Documents/GitHub/LRS-zadania/workspace/build/template_drone_control
[0.080s] -- Install configuration: ""
[0.080s] -- Execute custom install script
[0.081s] -- Up-to-date symlink: /home/lrs-ubuntu/Documents/GitHub/LRS-zadania/workspace/install/template_drone_control/lib/template_drone_control/template_drone_control_node
[0.081s] -- Up-to-date symlink: /home/lrs-ubuntu/Documents/GitHub/LRS-zadania/workspace/install/template_drone_control/share/ament_index/resource_index/package_run_dependencies/template_drone_control
[0.081s] -- Up-to-date symlink: /home/lrs-ubuntu/Documents/GitHub/LRS-zadania/workspace/install/template_drone_control/share/ament_index/resource_index/parent_prefix_path/template_drone_control
[0.081s] -- Up-to-date symlink: /home/lrs-ubuntu/Documents/GitHub/LRS-zadania/workspace/install/template_drone_control/share/template_drone_control/environment/ament_prefix_path.sh
[0.081s] -- Up-to-date symlink: /home/lrs-ubuntu/Documents/GitHub/LRS-zadania/workspace/install/template_drone_control/share/template_drone_control/environment/ament_prefix_path.dsv
[0.082s] -- Up-to-date symlink: /home/lrs-ubuntu/Documents/GitHub/LRS-zadania/workspace/install/template_drone_control/share/template_drone_control/environment/path.sh
[0.082s] -- Up-to-date symlink: /home/lrs-ubuntu/Documents/GitHub/LRS-zadania/workspace/install/template_drone_control/share/template_drone_control/environment/path.dsv
[0.082s] -- Up-to-date symlink: /home/lrs-ubuntu/Documents/GitHub/LRS-zadania/workspace/install/template_drone_control/share/template_drone_control/local_setup.bash
[0.082s] -- Up-to-date symlink: /home/lrs-ubuntu/Documents/GitHub/LRS-zadania/workspace/install/template_drone_control/share/template_drone_control/local_setup.sh
[0.082s] -- Up-to-date symlink: /home/lrs-ubuntu/Documents/GitHub/LRS-zadania/workspace/install/template_drone_control/share/template_drone_control/local_setup.zsh
[0.083s] -- Up-to-date symlink: /home/lrs-ubuntu/Documents/GitHub/LRS-zadania/workspace/install/template_drone_control/share/template_drone_control/local_setup.dsv
[0.083s] -- Symlinking: /home/lrs-ubuntu/Documents/GitHub/LRS-zadania/workspace/install/template_drone_control/share/template_drone_control/package.dsv
[0.088s] -- Up-to-date symlink: /home/lrs-ubuntu/Documents/GitHub/LRS-zadania/workspace/install/template_drone_control/share/ament_index/resource_index/packages/template_drone_control
[0.089s] -- Up-to-date symlink: /home/lrs-ubuntu/Documents/GitHub/LRS-zadania/workspace/install/template_drone_control/share/template_drone_control/cmake/template_drone_controlConfig.cmake
[0.089s] -- Up-to-date symlink: /home/lrs-ubuntu/Documents/GitHub/LRS-zadania/workspace/install/template_drone_control/share/template_drone_control/cmake/template_drone_controlConfig-version.cmake
[0.089s] -- Up-to-date symlink: /home/lrs-ubuntu/Documents/GitHub/LRS-zadania/workspace/install/template_drone_control/share/template_drone_control/package.xml
[0.090s] Invoked command in '/home/lrs-ubuntu/Documents/GitHub/LRS-zadania/workspace/build/template_drone_control' returned '0': CMAKE_PREFIX_PATH=/opt/ros/foxy /usr/bin/cmake --install /home/lrs-ubuntu/Documents/GitHub/LRS-zadania/workspace/build/template_drone_control
