[0.008s] Invoking command in '/home/lrs-ubuntu/Documents/GitHub/LRS-zadania/workspace/build/template_drone_control': CMAKE_PREFIX_PATH=${CMAKE_PREFIX_PATH}:/opt/ros/foxy /usr/bin/cmake --build /home/lrs-ubuntu/Documents/GitHub/LRS-zadania/workspace/build/template_drone_control -- -j16 -l16
[0.034s] [35m[1mScanning dependencies of target swaarm_control[0m
[0.048s] [ 50%] Built target template_drone_control_node
[0.055s] [ 75%] [32mBuilding CXX object CMakeFiles/swaarm_control.dir/src/swaarm_control.cpp.o[0m
[6.315s] /home/lrs-ubuntu/Documents/GitHub/LRS-zadania/workspace/src/template_drone_control/src/swaarm_control.cpp: In member function ‘MultiDroneControl::Coords MultiDroneControl::get_coords(const string&)’:
[6.315s] /home/lrs-ubuntu/Documents/GitHub/LRS-zadania/workspace/src/template_drone_control/src/swaarm_control.cpp:112:5: warning: no return statement in function returning non-void [-Wreturn-type]
[6.315s]   112 |     }
[6.315s]       |     ^
[6.321s] [100%] [32m[1mLinking CXX executable swaarm_control[0m
[6.549s] [100%] Built target swaarm_control
[6.556s] Invoked command in '/home/lrs-ubuntu/Documents/GitHub/LRS-zadania/workspace/build/template_drone_control' returned '0': CMAKE_PREFIX_PATH=${CMAKE_PREFIX_PATH}:/opt/ros/foxy /usr/bin/cmake --build /home/lrs-ubuntu/Documents/GitHub/LRS-zadania/workspace/build/template_drone_control -- -j16 -l16
[6.584s] Invoking command in '/home/lrs-ubuntu/Documents/GitHub/LRS-zadania/workspace/build/template_drone_control': CMAKE_PREFIX_PATH=${CMAKE_PREFIX_PATH}:/opt/ros/foxy /usr/bin/cmake --install /home/lrs-ubuntu/Documents/GitHub/LRS-zadania/workspace/build/template_drone_control
[6.588s] -- Install configuration: ""
[6.589s] -- Execute custom install script
[6.589s] -- Up-to-date symlink: /home/lrs-ubuntu/Documents/GitHub/LRS-zadania/workspace/install/template_drone_control/lib/template_drone_control/template_drone_control_node
[6.589s] -- Up-to-date symlink: /home/lrs-ubuntu/Documents/GitHub/LRS-zadania/workspace/install/template_drone_control/lib/template_drone_control/swaarm_control
[6.589s] -- Up-to-date symlink: /home/lrs-ubuntu/Documents/GitHub/LRS-zadania/workspace/install/template_drone_control/share/ament_index/resource_index/package_run_dependencies/template_drone_control
[6.590s] -- Up-to-date symlink: /home/lrs-ubuntu/Documents/GitHub/LRS-zadania/workspace/install/template_drone_control/share/ament_index/resource_index/parent_prefix_path/template_drone_control
[6.590s] -- Up-to-date symlink: /home/lrs-ubuntu/Documents/GitHub/LRS-zadania/workspace/install/template_drone_control/share/template_drone_control/environment/ament_prefix_path.sh
[6.590s] -- Up-to-date symlink: /home/lrs-ubuntu/Documents/GitHub/LRS-zadania/workspace/install/template_drone_control/share/template_drone_control/environment/ament_prefix_path.dsv
[6.590s] -- Up-to-date symlink: /home/lrs-ubuntu/Documents/GitHub/LRS-zadania/workspace/install/template_drone_control/share/template_drone_control/environment/path.sh
[6.590s] -- Up-to-date symlink: /home/lrs-ubuntu/Documents/GitHub/LRS-zadania/workspace/install/template_drone_control/share/template_drone_control/environment/path.dsv
[6.591s] -- Up-to-date symlink: /home/lrs-ubuntu/Documents/GitHub/LRS-zadania/workspace/install/template_drone_control/share/template_drone_control/local_setup.bash
[6.591s] -- Up-to-date symlink: /home/lrs-ubuntu/Documents/GitHub/LRS-zadania/workspace/install/template_drone_control/share/template_drone_control/local_setup.sh
[6.591s] -- Up-to-date symlink: /home/lrs-ubuntu/Documents/GitHub/LRS-zadania/workspace/install/template_drone_control/share/template_drone_control/local_setup.zsh
[6.591s] -- Up-to-date symlink: /home/lrs-ubuntu/Documents/GitHub/LRS-zadania/workspace/install/template_drone_control/share/template_drone_control/local_setup.dsv
[6.591s] -- Symlinking: /home/lrs-ubuntu/Documents/GitHub/LRS-zadania/workspace/install/template_drone_control/share/template_drone_control/package.dsv
[6.599s] -- Up-to-date symlink: /home/lrs-ubuntu/Documents/GitHub/LRS-zadania/workspace/install/template_drone_control/share/ament_index/resource_index/packages/template_drone_control
[6.599s] -- Up-to-date symlink: /home/lrs-ubuntu/Documents/GitHub/LRS-zadania/workspace/install/template_drone_control/share/template_drone_control/cmake/template_drone_controlConfig.cmake
[6.599s] -- Up-to-date symlink: /home/lrs-ubuntu/Documents/GitHub/LRS-zadania/workspace/install/template_drone_control/share/template_drone_control/cmake/template_drone_controlConfig-version.cmake
[6.599s] -- Up-to-date symlink: /home/lrs-ubuntu/Documents/GitHub/LRS-zadania/workspace/install/template_drone_control/share/template_drone_control/package.xml
[6.601s] Invoked command in '/home/lrs-ubuntu/Documents/GitHub/LRS-zadania/workspace/build/template_drone_control' returned '0': CMAKE_PREFIX_PATH=${CMAKE_PREFIX_PATH}:/opt/ros/foxy /usr/bin/cmake --install /home/lrs-ubuntu/Documents/GitHub/LRS-zadania/workspace/build/template_drone_control
