-- Found ament_cmake: 0.9.12 (/opt/ros/foxy/share/ament_cmake/cmake)
-- Using PYTHON_EXECUTABLE: /usr/bin/python3
-- Override CMake install command with custom implementation using symlinks instead of copying resources
-- Found rclcpp: 2.4.3 (/opt/ros/foxy/share/rclcpp/cmake)
-- Using all available rosidl_typesupport_c: rosidl_typesupport_fastrtps_c;rosidl_typesupport_introspection_c
-- Found rosidl_adapter: 1.3.1 (/opt/ros/foxy/share/rosidl_adapter/cmake)
-- Using all available rosidl_typesupport_cpp: rosidl_typesupport_fastrtps_cpp;rosidl_typesupport_introspection_cpp
-- Found rmw_implementation_cmake: 1.0.4 (/opt/ros/foxy/share/rmw_implementation_cmake/cmake)
-- Using RMW implementation 'rmw_fastrtps_cpp' as default
-- Found geometry_msgs: 2.0.5 (/opt/ros/foxy/share/geometry_msgs/cmake)
-- Found mavros_msgs: 2.4.0 (/opt/ros/foxy/share/mavros_msgs/cmake)
CMake Error at CMakeLists.txt:21 (add_executable):
  add_executable cannot create target "template_drone_control_node" because
  another target with the same name already exists.  The existing target is
  an executable created in source directory
  "/home/lrs-ubuntu/Documents/GitHub/LRS-zadania/workspace/src/template_drone_control".
  See documentation for policy CMP0002 for more details.


-- Configuring incomplete, errors occurred!
See also "/home/lrs-ubuntu/Documents/GitHub/LRS-zadania/workspace/build/template_drone_control/CMakeFiles/CMakeOutput.log".
See also "/home/lrs-ubuntu/Documents/GitHub/LRS-zadania/workspace/build/template_drone_control/CMakeFiles/CMakeError.log".
make: *** [Makefile:266: cmake_check_build_system] Error 1
