[0.007s] Invoking command in '/home/lrs-ubuntu/Documents/GitHub/LRS-zadania/workspace/build/template_drone_control': CMAKE_PREFIX_PATH=/opt/ros/foxy /usr/bin/cmake --build /home/lrs-ubuntu/Documents/GitHub/LRS-zadania/workspace/build/template_drone_control -- -j16 -l16
[0.036s] [35m[1mScanning dependencies of target template_drone_control_node[0m
[0.058s] [ 50%] [32mBuilding CXX object CMakeFiles/template_drone_control_node.dir/src/template_drone_control_node.cpp.o[0m
[2.935s] /home/lrs-ubuntu/Documents/GitHub/LRS-zadania/workspace/src/template_drone_control/src/template_drone_control_node.cpp: In member function ‘void TemplateDroneControl::move(const string&, const string&)’:
[2.935s] /home/lrs-ubuntu/Documents/GitHub/LRS-zadania/workspace/src/template_drone_control/src/template_drone_control_node.cpp:193:46: error: ‘waypoints_file’ was not declared in this scope; did you mean ‘waypointsFile’?
[2.935s]   193 |         auto allWaypoints = readWaypointsCSV(waypoints_file);
[2.935s]       |                                              ^~~~~~~~~~~~~~
[2.935s]       |                                              waypointsFile
[2.935s] /home/lrs-ubuntu/Documents/GitHub/LRS-zadania/workspace/src/template_drone_control/src/template_drone_control_node.cpp:196:9: error: expected ‘,’ or ‘;’ before ‘double’
[2.935s]   196 |         double z = 2;
[2.935s]       |         ^~~~~~
[2.935s] /home/lrs-ubuntu/Documents/GitHub/LRS-zadania/workspace/src/template_drone_control/src/template_drone_control_node.cpp:201:26: error: ‘finish_type’ was not declared in this scope
[2.935s]   201 |             tolerance = (finish_type == curWaypoint.accuracy) ? 0.2 : 0.5;
[2.935s]       |                          ^~~~~~~~~~~
[2.935s] /home/lrs-ubuntu/Documents/GitHub/LRS-zadania/workspace/src/template_drone_control/src/template_drone_control_node.cpp:212:47: error: ‘z’ was not declared in this scope
[2.935s]   212 |                 target_pose.pose.position.z = z;
[2.935s]       |                                               ^
[2.935s] /home/lrs-ubuntu/Documents/GitHub/LRS-zadania/workspace/src/template_drone_control/src/template_drone_control_node.cpp:232:28: warning: unused variable ‘dz’ [-Wunused-variable]
[2.935s]   232 |                     double dz = current_pos.pose.position.z - z;
[2.935s]       |                            ^~
[2.935s] /home/lrs-ubuntu/Documents/GitHub/LRS-zadania/workspace/src/template_drone_control/src/template_drone_control_node.cpp:190:63: warning: unused parameter ‘waypointsFile’ [-Wunused-parameter]
[2.935s]   190 |     void move(const std::string& pathFile, const std::string& waypointsFile) {
[2.935s]       |                                            ~~~~~~~~~~~~~~~~~~~^~~~~~~~~~~~~
[2.937s] make[2]: *** [CMakeFiles/template_drone_control_node.dir/build.make:63: CMakeFiles/template_drone_control_node.dir/src/template_drone_control_node.cpp.o] Error 1
[2.937s] make[1]: *** [CMakeFiles/Makefile2:105: CMakeFiles/template_drone_control_node.dir/all] Error 2
[2.937s] make: *** [Makefile:141: all] Error 2
[2.938s] Invoked command in '/home/lrs-ubuntu/Documents/GitHub/LRS-zadania/workspace/build/template_drone_control' returned '2': CMAKE_PREFIX_PATH=/opt/ros/foxy /usr/bin/cmake --build /home/lrs-ubuntu/Documents/GitHub/LRS-zadania/workspace/build/template_drone_control -- -j16 -l16
