[0.008s] Invoking command in '/home/lrs-ubuntu/Documents/GitHub/LRS-zadania/workspace/build/template_drone_control': CMAKE_PREFIX_PATH=${CMAKE_PREFIX_PATH}:/opt/ros/foxy /usr/bin/cmake --build /home/lrs-ubuntu/Documents/GitHub/LRS-zadania/workspace/build/template_drone_control -- -j16 -l16
[0.039s] [35m[1mScanning dependencies of target template_drone_control_node[0m
[0.064s] [ 50%] [32mBuilding CXX object CMakeFiles/template_drone_control_node.dir/src/template_drone_control_node.cpp.o[0m
[2.943s] /home/lrs-ubuntu/Documents/GitHub/LRS-zadania/workspace/src/template_drone_control/src/template_drone_control_node.cpp: In constructor ‘TemplateDroneControl::TemplateDroneControl()’:
[2.943s] /home/lrs-ubuntu/Documents/GitHub/LRS-zadania/workspace/src/template_drone_control/src/template_drone_control_node.cpp:55:9: error: ‘string’ was not declared in this scope; did you mean ‘std::string’?
[2.943s]    55 |         string x_str = std::to_string(target_transformed.x);
[2.943s]       |         ^~~~~~
[2.943s]       |         std::string
[2.943s] In file included from /usr/include/c++/9/iosfwd:39,
[2.943s]                  from /usr/include/c++/9/memory:72,
[2.943s]                  from /opt/ros/foxy/include/rclcpp/rclcpp.hpp:144,
[2.943s]                  from /home/lrs-ubuntu/Documents/GitHub/LRS-zadania/workspace/src/template_drone_control/src/template_drone_control_node.cpp:1:
[2.943s] /usr/include/c++/9/bits/stringfwd.h:79:33: note: ‘std::string’ declared here
[2.943s]    79 |   typedef basic_string<char>    string;
[2.943s]       |                                 ^~~~~~
[2.943s] /home/lrs-ubuntu/Documents/GitHub/LRS-zadania/workspace/src/template_drone_control/src/template_drone_control_node.cpp:56:15: error: expected ‘;’ before ‘y_str’
[2.943s]    56 |         string y_str = std::to_string(target_transformed.y);
[2.943s]       |               ^~~~~~
[2.943s]       |               ;
[2.943s] In file included from /opt/ros/foxy/include/rclcpp/client.hpp:40,
[2.943s]                  from /opt/ros/foxy/include/rclcpp/callback_group.hpp:23,
[2.943s]                  from /opt/ros/foxy/include/rclcpp/any_executable.hpp:20,
[2.944s]                  from /opt/ros/foxy/include/rclcpp/memory_strategy.hpp:24,
[2.944s]                  from /opt/ros/foxy/include/rclcpp/memory_strategies.hpp:18,
[2.944s]                  from /opt/ros/foxy/include/rclcpp/executor_options.hpp:20,
[2.944s]                  from /opt/ros/foxy/include/rclcpp/executor.hpp:33,
[2.944s]                  from /opt/ros/foxy/include/rclcpp/executors/multi_threaded_executor.hpp:26,
[2.944s]                  from /opt/ros/foxy/include/rclcpp/executors.hpp:21,
[2.944s]                  from /opt/ros/foxy/include/rclcpp/rclcpp.hpp:146,
[2.944s]                  from /home/lrs-ubuntu/Documents/GitHub/LRS-zadania/workspace/src/template_drone_control/src/template_drone_control_node.cpp:1:
[2.944s] /home/lrs-ubuntu/Documents/GitHub/LRS-zadania/workspace/src/template_drone_control/src/template_drone_control_node.cpp:57:41: error: ‘x_str’ was not declared in this scope
[2.944s]    57 |         RCLCPP_INFO(this->get_logger(), x_str);
[2.944s]       |                                         ^~~~~
[2.944s] /home/lrs-ubuntu/Documents/GitHub/LRS-zadania/workspace/src/template_drone_control/src/template_drone_control_node.cpp:58:41: error: ‘y_str’ was not declared in this scope
[2.944s]    58 |         RCLCPP_INFO(this->get_logger(), y_str);
[2.944s]       |                                         ^~~~~
[2.944s] make[2]: *** [CMakeFiles/template_drone_control_node.dir/build.make:63: CMakeFiles/template_drone_control_node.dir/src/template_drone_control_node.cpp.o] Error 1
[2.944s] make[1]: *** [CMakeFiles/Makefile2:105: CMakeFiles/template_drone_control_node.dir/all] Error 2
[2.944s] make: *** [Makefile:141: all] Error 2
[2.945s] Invoked command in '/home/lrs-ubuntu/Documents/GitHub/LRS-zadania/workspace/build/template_drone_control' returned '2': CMAKE_PREFIX_PATH=${CMAKE_PREFIX_PATH}:/opt/ros/foxy /usr/bin/cmake --build /home/lrs-ubuntu/Documents/GitHub/LRS-zadania/workspace/build/template_drone_control -- -j16 -l16
