[0.005s] Invoking command in '/home/lrs-ubuntu/Documents/GitHub/LRS-zadania/workspace/build/template_drone_control': CMAKE_PREFIX_PATH=${CMAKE_PREFIX_PATH}:/opt/ros/foxy /usr/bin/cmake --build /home/lrs-ubuntu/Documents/GitHub/LRS-zadania/workspace/build/template_drone_control -- -j20 -l20
[0.024s] [35m[1mScanning dependencies of target swaarm_control[0m
[0.034s] [ 50%] Built target template_drone_control_node
[0.055s] [ 75%] [32mBuilding CXX object CMakeFiles/swaarm_control.dir/src/swaarm_control.cpp.o[0m
[4.614s] [100%] [32m[1mLinking CXX executable swaarm_control[0m
[4.793s] [100%] Built target swaarm_control
[4.799s] Invoked command in '/home/lrs-ubuntu/Documents/GitHub/LRS-zadania/workspace/build/template_drone_control' returned '0': CMAKE_PREFIX_PATH=${CMAKE_PREFIX_PATH}:/opt/ros/foxy /usr/bin/cmake --build /home/lrs-ubuntu/Documents/GitHub/LRS-zadania/workspace/build/template_drone_control -- -j20 -l20
[4.815s] Invoking command in '/home/lrs-ubuntu/Documents/GitHub/LRS-zadania/workspace/build/template_drone_control': CMAKE_PREFIX_PATH=${CMAKE_PREFIX_PATH}:/opt/ros/foxy /usr/bin/cmake --install /home/lrs-ubuntu/Documents/GitHub/LRS-zadania/workspace/build/template_drone_control
[4.821s] -- Install configuration: ""
[4.822s] -- Execute custom install script
[4.822s] -- Up-to-date symlink: /home/lrs-ubuntu/Documents/GitHub/LRS-zadania/workspace/install/template_drone_control/lib/template_drone_control/template_drone_control_node
[4.823s] -- Up-to-date symlink: /home/lrs-ubuntu/Documents/GitHub/LRS-zadania/workspace/install/template_drone_control/lib/template_drone_control/swaarm_control
[4.823s] -- Up-to-date symlink: /home/lrs-ubuntu/Documents/GitHub/LRS-zadania/workspace/install/template_drone_control/share/ament_index/resource_index/package_run_dependencies/template_drone_control
[4.823s] -- Up-to-date symlink: /home/lrs-ubuntu/Documents/GitHub/LRS-zadania/workspace/install/template_drone_control/share/ament_index/resource_index/parent_prefix_path/template_drone_control
[4.823s] -- Up-to-date symlink: /home/lrs-ubuntu/Documents/GitHub/LRS-zadania/workspace/install/template_drone_control/share/template_drone_control/environment/ament_prefix_path.sh
[4.823s] -- Up-to-date symlink: /home/lrs-ubuntu/Documents/GitHub/LRS-zadania/workspace/install/template_drone_control/share/template_drone_control/environment/ament_prefix_path.dsv
[4.823s] -- Up-to-date symlink: /home/lrs-ubuntu/Documents/GitHub/LRS-zadania/workspace/install/template_drone_control/share/template_drone_control/environment/path.sh
[4.824s] -- Up-to-date symlink: /home/lrs-ubuntu/Documents/GitHub/LRS-zadania/workspace/install/template_drone_control/share/template_drone_control/environment/path.dsv
[4.824s] -- Up-to-date symlink: /home/lrs-ubuntu/Documents/GitHub/LRS-zadania/workspace/install/template_drone_control/share/template_drone_control/local_setup.bash
[4.824s] -- Up-to-date symlink: /home/lrs-ubuntu/Documents/GitHub/LRS-zadania/workspace/install/template_drone_control/share/template_drone_control/local_setup.sh
[4.824s] -- Up-to-date symlink: /home/lrs-ubuntu/Documents/GitHub/LRS-zadania/workspace/install/template_drone_control/share/template_drone_control/local_setup.zsh
[4.824s] -- Up-to-date symlink: /home/lrs-ubuntu/Documents/GitHub/LRS-zadania/workspace/install/template_drone_control/share/template_drone_control/local_setup.dsv
[4.824s] -- Symlinking: /home/lrs-ubuntu/Documents/GitHub/LRS-zadania/workspace/install/template_drone_control/share/template_drone_control/package.dsv
[4.829s] -- Up-to-date symlink: /home/lrs-ubuntu/Documents/GitHub/LRS-zadania/workspace/install/template_drone_control/share/ament_index/resource_index/packages/template_drone_control
[4.829s] -- Up-to-date symlink: /home/lrs-ubuntu/Documents/GitHub/LRS-zadania/workspace/install/template_drone_control/share/template_drone_control/cmake/template_drone_controlConfig.cmake
[4.830s] -- Up-to-date symlink: /home/lrs-ubuntu/Documents/GitHub/LRS-zadania/workspace/install/template_drone_control/share/template_drone_control/cmake/template_drone_controlConfig-version.cmake
[4.830s] -- Up-to-date symlink: /home/lrs-ubuntu/Documents/GitHub/LRS-zadania/workspace/install/template_drone_control/share/template_drone_control/package.xml
[4.831s] Invoked command in '/home/lrs-ubuntu/Documents/GitHub/LRS-zadania/workspace/build/template_drone_control' returned '0': CMAKE_PREFIX_PATH=${CMAKE_PREFIX_PATH}:/opt/ros/foxy /usr/bin/cmake --install /home/lrs-ubuntu/Documents/GitHub/LRS-zadania/workspace/build/template_drone_control
