[0.008s] Invoking command in '/home/lrs-ubuntu/Documents/GitHub/LRS-zadania/workspace/build/template_drone_control': CMAKE_PREFIX_PATH=/opt/ros/foxy /usr/bin/cmake --build /home/lrs-ubuntu/Documents/GitHub/LRS-zadania/workspace/build/template_drone_control -- -j16 -l16
[0.036s] [35m[1mScanning dependencies of target template_drone_control_node[0m
[0.064s] [ 50%] [32mBuilding CXX object CMakeFiles/template_drone_control_node.dir/src/template_drone_control_node.cpp.o[0m
[1.846s] /home/lrs-ubuntu/Documents/GitHub/LRS-zadania/workspace/src/template_drone_control/src/template_drone_control_node.cpp:162:14: error: ‘optional’ in namespace ‘std’ does not name a template type
[1.846s]   162 |         std::optional<double> value;
[1.846s]       |              ^~~~~~~~
[1.846s] /home/lrs-ubuntu/Documents/GitHub/LRS-zadania/workspace/src/template_drone_control/src/template_drone_control_node.cpp:162:9: note: ‘std::optional’ is only available from C++17 onwards
[1.846s]   162 |         std::optional<double> value;
[1.846s]       |         ^~~
[1.846s] /home/lrs-ubuntu/Documents/GitHub/LRS-zadania/workspace/src/template_drone_control/src/template_drone_control_node.cpp: In constructor ‘TemplateDroneControl::TemplateDroneControl()’:
[1.846s] /home/lrs-ubuntu/Documents/GitHub/LRS-zadania/workspace/src/template_drone_control/src/template_drone_control_node.cpp:26:66: error: ‘state_cb’ is not a member of ‘TemplateDroneControl’
[1.846s]    26 |             "mavros/state", 10, std::bind(&TemplateDroneControl::state_cb, this, std::placeholders::_1));
[1.846s]       |                                                                  ^~~~~~~~
[1.846s] /home/lrs-ubuntu/Documents/GitHub/LRS-zadania/workspace/src/template_drone_control/src/template_drone_control_node.cpp:36:82: error: ‘local_pos_cb’ is not a member of ‘TemplateDroneControl’
[1.846s]    36 |             "/mavros/local_position/pose", qos, std::bind(&TemplateDroneControl::local_pos_cb, this, std::placeholders::_1));
[1.846s]       |                                                                                  ^~~~~~~~~~~~
[1.846s] /home/lrs-ubuntu/Documents/GitHub/LRS-zadania/workspace/src/template_drone_control/src/template_drone_control_node.cpp:46:9: error: ‘set_mode’ was not declared in this scope
[1.846s]    46 |         set_mode("GUIDED");
[1.846s]       |         ^~~~~~~~
[1.846s] /home/lrs-ubuntu/Documents/GitHub/LRS-zadania/workspace/src/template_drone_control/src/template_drone_control_node.cpp:49:9: error: ‘arm_drone’ was not declared in this scope
[1.846s]    49 |         arm_drone();
[1.846s]       |         ^~~~~~~~~
[1.846s] /home/lrs-ubuntu/Documents/GitHub/LRS-zadania/workspace/src/template_drone_control/src/template_drone_control_node.cpp:52:9: error: ‘takeoff’ was not declared in this scope
[1.847s]    52 |         takeoff(2.0, 0);
[1.847s]       |         ^~~~~~~
[1.847s] /home/lrs-ubuntu/Documents/GitHub/LRS-zadania/workspace/src/template_drone_control/src/template_drone_control_node.cpp:59:39: error: no matching function for call to ‘move(std::string&, std::string&)’
[1.847s]    59 |         move(path_file, waypoints_file);
[1.847s]       |                                       ^
[1.847s] In file included from /usr/include/c++/9/bits/stl_pair.h:59,
[1.847s]                  from /usr/include/c++/9/bits/stl_algobase.h:64,
[1.847s]                  from /usr/include/c++/9/memory:62,
[1.847s]                  from /opt/ros/foxy/include/rclcpp/rclcpp.hpp:144,
[1.847s]                  from /home/lrs-ubuntu/Documents/GitHub/LRS-zadania/workspace/src/template_drone_control/src/template_drone_control_node.cpp:1:
[1.847s] /usr/include/c++/9/bits/move.h:99:5: note: candidate: ‘template<class _Tp> constexpr typename std::remove_reference<_Tp>::type&& std::move(_Tp&&)’
[1.847s]    99 |     move(_Tp&& __t) noexcept
[1.847s]       |     ^~~~
[1.847s] /usr/include/c++/9/bits/move.h:99:5: note:   template argument deduction/substitution failed:
[1.847s] /home/lrs-ubuntu/Documents/GitHub/LRS-zadania/workspace/src/template_drone_control/src/template_drone_control_node.cpp:59:39: note:   candidate expects 1 argument, 2 provided
[1.847s]    59 |         move(path_file, waypoints_file);
[1.847s]       |                                       ^
[1.847s] In file included from /usr/include/c++/9/memory:62,
[1.847s]                  from /opt/ros/foxy/include/rclcpp/rclcpp.hpp:144,
[1.848s]                  from /home/lrs-ubuntu/Documents/GitHub/LRS-zadania/workspace/src/template_drone_control/src/template_drone_control_node.cpp:1:
[1.848s] /usr/include/c++/9/bits/stl_algobase.h:497:5: note: candidate: ‘template<class _II, class _OI> _OI std::move(_II, _II, _OI)’
[1.848s]   497 |     move(_II __first, _II __last, _OI __result)
[1.848s]       |     ^~~~
[1.848s] /usr/include/c++/9/bits/stl_algobase.h:497:5: note:   template argument deduction/substitution failed:
[1.848s] /home/lrs-ubuntu/Documents/GitHub/LRS-zadania/workspace/src/template_drone_control/src/template_drone_control_node.cpp:59:39: note:   candidate expects 3 arguments, 2 provided
[1.848s]    59 |         move(path_file, waypoints_file);
[1.848s]       |                                       ^
[1.848s] /home/lrs-ubuntu/Documents/GitHub/LRS-zadania/workspace/src/template_drone_control/src/template_drone_control_node.cpp: In member function ‘TemplateDroneControl::DecodedCommand TemplateDroneControl::decodeCommand(const string&)’:
[1.848s] /home/lrs-ubuntu/Documents/GitHub/LRS-zadania/workspace/src/template_drone_control/src/template_drone_control_node.cpp:170:20: error: ‘struct TemplateDroneControl::DecodedCommand’ has no member named ‘value’
[1.848s]   170 |             result.value = std::nullopt;
[1.848s]       |                    ^~~~~
[1.848s] /home/lrs-ubuntu/Documents/GitHub/LRS-zadania/workspace/src/template_drone_control/src/template_drone_control_node.cpp:170:33: error: ‘nullopt’ is not a member of ‘std’
[1.848s]   170 |             result.value = std::nullopt;
[1.848s]       |                                 ^~~~~~~
[1.848s] /home/lrs-ubuntu/Documents/GitHub/LRS-zadania/workspace/src/template_drone_control/src/template_drone_control_node.cpp:174:20: error: ‘struct TemplateDroneControl::DecodedCommand’ has no member named ‘value’
[1.849s]   174 |             result.value = std::nullopt;
[1.849s]       |                    ^~~~~
[1.849s] /home/lrs-ubuntu/Documents/GitHub/LRS-zadania/workspace/src/template_drone_control/src/template_drone_control_node.cpp:174:33: error: ‘nullopt’ is not a member of ‘std’
[1.849s]   174 |             result.value = std::nullopt;
[1.849s]       |                                 ^~~~~~~
[1.849s] /home/lrs-ubuntu/Documents/GitHub/LRS-zadania/workspace/src/template_drone_control/src/template_drone_control_node.cpp:184:24: error: ‘struct TemplateDroneControl::DecodedCommand’ has no member named ‘value’
[1.849s]   184 |                 result.value = std::stod(input.substr(numStart));
[1.849s]       |                        ^~~~~
[1.849s] /home/lrs-ubuntu/Documents/GitHub/LRS-zadania/workspace/src/template_drone_control/src/template_drone_control_node.cpp:187:24: error: ‘struct TemplateDroneControl::DecodedCommand’ has no member named ‘value’
[1.849s]   187 |                 result.value = std::nullopt;
[1.849s]       |                        ^~~~~
[1.849s] /home/lrs-ubuntu/Documents/GitHub/LRS-zadania/workspace/src/template_drone_control/src/template_drone_control_node.cpp:187:37: error: ‘nullopt’ is not a member of ‘std’
[1.849s]   187 |                 result.value = std::nullopt;
[1.849s]       |                                     ^~~~~~~
[1.849s] make[2]: *** [CMakeFiles/template_drone_control_node.dir/build.make:63: CMakeFiles/template_drone_control_node.dir/src/template_drone_control_node.cpp.o] Error 1
[1.849s] make[1]: *** [CMakeFiles/Makefile2:105: CMakeFiles/template_drone_control_node.dir/all] Error 2
[1.849s] make: *** [Makefile:141: all] Error 2
[1.849s] Invoked command in '/home/lrs-ubuntu/Documents/GitHub/LRS-zadania/workspace/build/template_drone_control' returned '2': CMAKE_PREFIX_PATH=/opt/ros/foxy /usr/bin/cmake --build /home/lrs-ubuntu/Documents/GitHub/LRS-zadania/workspace/build/template_drone_control -- -j16 -l16
