[0.008s] Invoking command in '/home/lrs-ubuntu/Documents/GitHub/LRS-zadania/workspace/build/template_drone_control': CMAKE_PREFIX_PATH=${CMAKE_PREFIX_PATH}:/opt/ros/foxy /usr/bin/cmake --build /home/lrs-ubuntu/Documents/GitHub/LRS-zadania/workspace/build/template_drone_control -- -j16 -l16
[0.038s] [35m[1mScanning dependencies of target swaarm_control[0m
[0.052s] [ 50%] Built target template_drone_control_node
[0.059s] [ 75%] [32mBuilding CXX object CMakeFiles/swaarm_control.dir/src/swaarm_control.cpp.o[0m
[6.510s] /home/lrs-ubuntu/Documents/GitHub/LRS-zadania/workspace/src/template_drone_control/src/swaarm_control.cpp: In member function ‘bool MultiDroneControl::move_drones(MultiDroneControl::Coords)’:
[6.510s] /home/lrs-ubuntu/Documents/GitHub/LRS-zadania/workspace/src/template_drone_control/src/swaarm_control.cpp:322:5: warning: control reaches end of non-void function [-Wreturn-type]
[6.510s]   322 |     }
[6.510s]       |     ^
[6.517s] [100%] [32m[1mLinking CXX executable swaarm_control[0m
[6.750s] [100%] Built target swaarm_control
[6.757s] Invoked command in '/home/lrs-ubuntu/Documents/GitHub/LRS-zadania/workspace/build/template_drone_control' returned '0': CMAKE_PREFIX_PATH=${CMAKE_PREFIX_PATH}:/opt/ros/foxy /usr/bin/cmake --build /home/lrs-ubuntu/Documents/GitHub/LRS-zadania/workspace/build/template_drone_control -- -j16 -l16
[6.784s] Invoking command in '/home/lrs-ubuntu/Documents/GitHub/LRS-zadania/workspace/build/template_drone_control': CMAKE_PREFIX_PATH=${CMAKE_PREFIX_PATH}:/opt/ros/foxy /usr/bin/cmake --install /home/lrs-ubuntu/Documents/GitHub/LRS-zadania/workspace/build/template_drone_control
[6.788s] -- Install configuration: ""
[6.789s] -- Execute custom install script
[6.789s] -- Up-to-date symlink: /home/lrs-ubuntu/Documents/GitHub/LRS-zadania/workspace/install/template_drone_control/lib/template_drone_control/template_drone_control_node
[6.789s] -- Up-to-date symlink: /home/lrs-ubuntu/Documents/GitHub/LRS-zadania/workspace/install/template_drone_control/lib/template_drone_control/swaarm_control
[6.789s] -- Up-to-date symlink: /home/lrs-ubuntu/Documents/GitHub/LRS-zadania/workspace/install/template_drone_control/share/ament_index/resource_index/package_run_dependencies/template_drone_control
[6.790s] -- Up-to-date symlink: /home/lrs-ubuntu/Documents/GitHub/LRS-zadania/workspace/install/template_drone_control/share/ament_index/resource_index/parent_prefix_path/template_drone_control
[6.790s] -- Up-to-date symlink: /home/lrs-ubuntu/Documents/GitHub/LRS-zadania/workspace/install/template_drone_control/share/template_drone_control/environment/ament_prefix_path.sh
[6.790s] -- Up-to-date symlink: /home/lrs-ubuntu/Documents/GitHub/LRS-zadania/workspace/install/template_drone_control/share/template_drone_control/environment/ament_prefix_path.dsv
[6.791s] -- Up-to-date symlink: /home/lrs-ubuntu/Documents/GitHub/LRS-zadania/workspace/install/template_drone_control/share/template_drone_control/environment/path.sh
[6.791s] -- Up-to-date symlink: /home/lrs-ubuntu/Documents/GitHub/LRS-zadania/workspace/install/template_drone_control/share/template_drone_control/environment/path.dsv
[6.791s] -- Up-to-date symlink: /home/lrs-ubuntu/Documents/GitHub/LRS-zadania/workspace/install/template_drone_control/share/template_drone_control/local_setup.bash
[6.791s] -- Up-to-date symlink: /home/lrs-ubuntu/Documents/GitHub/LRS-zadania/workspace/install/template_drone_control/share/template_drone_control/local_setup.sh
[6.791s] -- Up-to-date symlink: /home/lrs-ubuntu/Documents/GitHub/LRS-zadania/workspace/install/template_drone_control/share/template_drone_control/local_setup.zsh
[6.792s] -- Up-to-date symlink: /home/lrs-ubuntu/Documents/GitHub/LRS-zadania/workspace/install/template_drone_control/share/template_drone_control/local_setup.dsv
[6.792s] -- Symlinking: /home/lrs-ubuntu/Documents/GitHub/LRS-zadania/workspace/install/template_drone_control/share/template_drone_control/package.dsv
[6.797s] -- Up-to-date symlink: /home/lrs-ubuntu/Documents/GitHub/LRS-zadania/workspace/install/template_drone_control/share/ament_index/resource_index/packages/template_drone_control
[6.797s] -- Up-to-date symlink: /home/lrs-ubuntu/Documents/GitHub/LRS-zadania/workspace/install/template_drone_control/share/template_drone_control/cmake/template_drone_controlConfig.cmake
[6.797s] -- Up-to-date symlink: /home/lrs-ubuntu/Documents/GitHub/LRS-zadania/workspace/install/template_drone_control/share/template_drone_control/cmake/template_drone_controlConfig-version.cmake
[6.798s] -- Up-to-date symlink: /home/lrs-ubuntu/Documents/GitHub/LRS-zadania/workspace/install/template_drone_control/share/template_drone_control/package.xml
[6.799s] Invoked command in '/home/lrs-ubuntu/Documents/GitHub/LRS-zadania/workspace/build/template_drone_control' returned '0': CMAKE_PREFIX_PATH=${CMAKE_PREFIX_PATH}:/opt/ros/foxy /usr/bin/cmake --install /home/lrs-ubuntu/Documents/GitHub/LRS-zadania/workspace/build/template_drone_control
