[0.240s] DEBUG:colcon:Command line arguments: ['/usr/bin/colcon', 'build']
[0.240s] DEBUG:colcon:Parsed command line arguments: Namespace(allow_overriding=[], ament_cmake_args=None, base_paths=['.'], build_base='build', catkin_cmake_args=None, catkin_skip_building_tests=False, cmake_args=None, cmake_clean_cache=False, cmake_clean_first=False, cmake_force_configure=False, cmake_target=None, cmake_target_skip_unavailable=False, continue_on_error=False, event_handlers=None, executor='parallel', ignore_user_meta=False, install_base='install', log_base=None, log_level=None, main=<bound method BuildVerb.main of <colcon_core.verb.build.BuildVerb object at 0x7f8202dbf6d0>>, merge_install=False, metas=['./colcon.meta'], packages_above=None, packages_above_and_dependencies=None, packages_above_depth=None, packages_end=None, packages_ignore=None, packages_ignore_regex=None, packages_select=None, packages_select_build_failed=False, packages_select_by_dep=None, packages_select_regex=None, packages_select_test_failures=False, packages_skip=None, packages_skip_build_finished=False, packages_skip_by_dep=None, packages_skip_regex=None, packages_skip_test_passed=False, packages_skip_up_to=None, packages_start=None, packages_up_to=None, packages_up_to_regex=None, parallel_workers=20, paths=None, symlink_install=False, test_result_base=None, verb_extension=<colcon_core.verb.build.BuildVerb object at 0x7f8202dbf6d0>, verb_name='build', verb_parser=<colcon_defaults.argument_parser.defaults.DefaultArgumentsDecorator object at 0x7f8202dbfb20>)
[0.334s] Level 1:colcon.colcon_core.package_discovery:discover_packages(colcon_meta) check parameters
[0.334s] Level 1:colcon.colcon_core.package_discovery:discover_packages(recursive) check parameters
[0.334s] Level 1:colcon.colcon_core.package_discovery:discover_packages(ignore) check parameters
[0.334s] Level 1:colcon.colcon_core.package_discovery:discover_packages(path) check parameters
[0.334s] Level 1:colcon.colcon_core.package_discovery:discover_packages(colcon_meta) discover
[0.334s] Level 1:colcon.colcon_core.package_discovery:discover_packages(recursive) discover
[0.334s] INFO:colcon.colcon_core.package_discovery:Crawling recursively for packages in '/home/lrs-ubuntu/Documents/GitHub/LRS-zadania/workspace'
[0.334s] Level 1:colcon.colcon_core.package_identification:_identify(.) by extensions ['ignore', 'ignore_ament_install']
[0.334s] Level 1:colcon.colcon_core.package_identification:_identify(.) by extension 'ignore'
[0.334s] Level 1:colcon.colcon_core.package_identification:_identify(.) by extension 'ignore_ament_install'
[0.334s] Level 1:colcon.colcon_core.package_identification:_identify(.) by extensions ['colcon_pkg']
[0.334s] Level 1:colcon.colcon_core.package_identification:_identify(.) by extension 'colcon_pkg'
[0.334s] Level 1:colcon.colcon_core.package_identification:_identify(.) by extensions ['colcon_meta']
[0.334s] Level 1:colcon.colcon_core.package_identification:_identify(.) by extension 'colcon_meta'
[0.334s] Level 1:colcon.colcon_core.package_identification:_identify(.) by extensions ['ros']
[0.334s] Level 1:colcon.colcon_core.package_identification:_identify(.) by extension 'ros'
[0.344s] Level 1:colcon.colcon_core.package_identification:_identify(.) by extensions ['cmake', 'python']
[0.344s] Level 1:colcon.colcon_core.package_identification:_identify(.) by extension 'cmake'
[0.344s] Level 1:colcon.colcon_core.package_identification:_identify(.) by extension 'python'
[0.344s] Level 1:colcon.colcon_core.package_identification:_identify(.) by extensions ['python_setup_py']
[0.344s] Level 1:colcon.colcon_core.package_identification:_identify(.) by extension 'python_setup_py'
[0.344s] Level 1:colcon.colcon_core.package_identification:_identify(build) by extensions ['ignore', 'ignore_ament_install']
[0.344s] Level 1:colcon.colcon_core.package_identification:_identify(build) by extension 'ignore'
[0.344s] Level 1:colcon.colcon_core.package_identification:_identify(build) ignored
[0.344s] Level 1:colcon.colcon_core.package_identification:_identify(install) by extensions ['ignore', 'ignore_ament_install']
[0.344s] Level 1:colcon.colcon_core.package_identification:_identify(install) by extension 'ignore'
[0.344s] Level 1:colcon.colcon_core.package_identification:_identify(install) ignored
[0.344s] Level 1:colcon.colcon_core.package_identification:_identify(log) by extensions ['ignore', 'ignore_ament_install']
[0.344s] Level 1:colcon.colcon_core.package_identification:_identify(log) by extension 'ignore'
[0.344s] Level 1:colcon.colcon_core.package_identification:_identify(log) ignored
[0.344s] Level 1:colcon.colcon_core.package_identification:_identify(src) by extensions ['ignore', 'ignore_ament_install']
[0.344s] Level 1:colcon.colcon_core.package_identification:_identify(src) by extension 'ignore'
[0.344s] Level 1:colcon.colcon_core.package_identification:_identify(src) by extension 'ignore_ament_install'
[0.344s] Level 1:colcon.colcon_core.package_identification:_identify(src) by extensions ['colcon_pkg']
[0.344s] Level 1:colcon.colcon_core.package_identification:_identify(src) by extension 'colcon_pkg'
[0.344s] Level 1:colcon.colcon_core.package_identification:_identify(src) by extensions ['colcon_meta']
[0.344s] Level 1:colcon.colcon_core.package_identification:_identify(src) by extension 'colcon_meta'
[0.344s] Level 1:colcon.colcon_core.package_identification:_identify(src) by extensions ['ros']
[0.344s] Level 1:colcon.colcon_core.package_identification:_identify(src) by extension 'ros'
[0.344s] Level 1:colcon.colcon_core.package_identification:_identify(src) by extensions ['cmake', 'python']
[0.344s] Level 1:colcon.colcon_core.package_identification:_identify(src) by extension 'cmake'
[0.344s] Level 1:colcon.colcon_core.package_identification:_identify(src) by extension 'python'
[0.344s] Level 1:colcon.colcon_core.package_identification:_identify(src) by extensions ['python_setup_py']
[0.344s] Level 1:colcon.colcon_core.package_identification:_identify(src) by extension 'python_setup_py'
[0.344s] Level 1:colcon.colcon_core.package_identification:_identify(src/template_drone_control) by extensions ['ignore', 'ignore_ament_install']
[0.344s] Level 1:colcon.colcon_core.package_identification:_identify(src/template_drone_control) by extension 'ignore'
[0.344s] Level 1:colcon.colcon_core.package_identification:_identify(src/template_drone_control) by extension 'ignore_ament_install'
[0.344s] Level 1:colcon.colcon_core.package_identification:_identify(src/template_drone_control) by extensions ['colcon_pkg']
[0.344s] Level 1:colcon.colcon_core.package_identification:_identify(src/template_drone_control) by extension 'colcon_pkg'
[0.344s] Level 1:colcon.colcon_core.package_identification:_identify(src/template_drone_control) by extensions ['colcon_meta']
[0.344s] Level 1:colcon.colcon_core.package_identification:_identify(src/template_drone_control) by extension 'colcon_meta'
[0.344s] Level 1:colcon.colcon_core.package_identification:_identify(src/template_drone_control) by extensions ['ros']
[0.344s] Level 1:colcon.colcon_core.package_identification:_identify(src/template_drone_control) by extension 'ros'
[0.347s] DEBUG:colcon.colcon_core.package_identification:Package 'src/template_drone_control' with type 'ros.ament_cmake' and name 'template_drone_control'
[0.347s] Level 1:colcon.colcon_core.package_discovery:discover_packages(recursive) using defaults
[0.347s] Level 1:colcon.colcon_core.package_discovery:discover_packages(ignore) discover
[0.347s] Level 1:colcon.colcon_core.package_discovery:discover_packages(ignore) using defaults
[0.347s] Level 1:colcon.colcon_core.package_discovery:discover_packages(path) discover
[0.347s] Level 1:colcon.colcon_core.package_discovery:discover_packages(path) using defaults
[0.364s] Level 1:colcon.colcon_core.package_discovery:discover_packages(prefix_path) check parameters
[0.364s] Level 1:colcon.colcon_core.package_discovery:discover_packages(prefix_path) discover
[0.367s] DEBUG:colcon.colcon_installed_package_information.package_discovery:Found 1 installed packages in /home/lrs-ubuntu/Documents/GitHub/LRS-zadania/workspace/install
[0.368s] DEBUG:colcon.colcon_installed_package_information.package_discovery:Found 174 installed packages in /opt/ros/foxy
[0.368s] Level 1:colcon.colcon_core.package_discovery:discover_packages(prefix_path) using defaults
[0.392s] Level 5:colcon.colcon_core.verb:set package 'template_drone_control' build argument 'cmake_args' from command line to 'None'
[0.392s] Level 5:colcon.colcon_core.verb:set package 'template_drone_control' build argument 'cmake_target' from command line to 'None'
[0.392s] Level 5:colcon.colcon_core.verb:set package 'template_drone_control' build argument 'cmake_target_skip_unavailable' from command line to 'False'
[0.392s] Level 5:colcon.colcon_core.verb:set package 'template_drone_control' build argument 'cmake_clean_cache' from command line to 'False'
[0.392s] Level 5:colcon.colcon_core.verb:set package 'template_drone_control' build argument 'cmake_clean_first' from command line to 'False'
[0.392s] Level 5:colcon.colcon_core.verb:set package 'template_drone_control' build argument 'cmake_force_configure' from command line to 'False'
[0.392s] Level 5:colcon.colcon_core.verb:set package 'template_drone_control' build argument 'ament_cmake_args' from command line to 'None'
[0.392s] Level 5:colcon.colcon_core.verb:set package 'template_drone_control' build argument 'catkin_cmake_args' from command line to 'None'
[0.392s] Level 5:colcon.colcon_core.verb:set package 'template_drone_control' build argument 'catkin_skip_building_tests' from command line to 'False'
[0.392s] DEBUG:colcon.colcon_core.verb:Building package 'template_drone_control' with the following arguments: {'ament_cmake_args': None, 'build_base': '/home/lrs-ubuntu/Documents/GitHub/LRS-zadania/workspace/build/template_drone_control', 'catkin_cmake_args': None, 'catkin_skip_building_tests': False, 'cmake_args': None, 'cmake_clean_cache': False, 'cmake_clean_first': False, 'cmake_force_configure': False, 'cmake_target': None, 'cmake_target_skip_unavailable': False, 'install_base': '/home/lrs-ubuntu/Documents/GitHub/LRS-zadania/workspace/install/template_drone_control', 'merge_install': False, 'path': '/home/lrs-ubuntu/Documents/GitHub/LRS-zadania/workspace/src/template_drone_control', 'symlink_install': False, 'test_result_base': None}
[0.392s] INFO:colcon.colcon_core.executor:Executing jobs using 'parallel' executor
[0.392s] DEBUG:colcon.colcon_parallel_executor.executor.parallel:run_until_complete
[0.392s] INFO:colcon.colcon_ros.task.ament_cmake.build:Building ROS package in '/home/lrs-ubuntu/Documents/GitHub/LRS-zadania/workspace/src/template_drone_control' with build type 'ament_cmake'
[0.393s] INFO:colcon.colcon_cmake.task.cmake.build:Building CMake package in '/home/lrs-ubuntu/Documents/GitHub/LRS-zadania/workspace/src/template_drone_control'
[0.397s] INFO:colcon.colcon_core.plugin_system:Skipping extension 'colcon_core.shell.bat': Not used on non-Windows systems
[0.398s] INFO:colcon.colcon_core.shell:Skip shell extension 'powershell' for command environment: Not usable outside of PowerShell
[0.398s] DEBUG:colcon.colcon_core.shell:Skip shell extension 'dsv' for command environment
[0.405s] DEBUG:colcon.colcon_core.event_handler.log_command:Invoking command in '/home/lrs-ubuntu/Documents/GitHub/LRS-zadania/workspace/build/template_drone_control': CMAKE_PREFIX_PATH=${CMAKE_PREFIX_PATH}:/opt/ros/foxy /usr/bin/cmake --build /home/lrs-ubuntu/Documents/GitHub/LRS-zadania/workspace/build/template_drone_control -- -j20 -l20
[5.444s] DEBUG:colcon.colcon_core.event_handler.log_command:Invoked command in '/home/lrs-ubuntu/Documents/GitHub/LRS-zadania/workspace/build/template_drone_control' returned '0': CMAKE_PREFIX_PATH=${CMAKE_PREFIX_PATH}:/opt/ros/foxy /usr/bin/cmake --build /home/lrs-ubuntu/Documents/GitHub/LRS-zadania/workspace/build/template_drone_control -- -j20 -l20
[5.461s] DEBUG:colcon.colcon_core.event_handler.log_command:Invoking command in '/home/lrs-ubuntu/Documents/GitHub/LRS-zadania/workspace/build/template_drone_control': CMAKE_PREFIX_PATH=${CMAKE_PREFIX_PATH}:/opt/ros/foxy /usr/bin/cmake --install /home/lrs-ubuntu/Documents/GitHub/LRS-zadania/workspace/build/template_drone_control
[5.487s] Level 1:colcon.colcon_core.environment:create_environment_scripts_only(template_drone_control)
[5.487s] DEBUG:colcon.colcon_core.event_handler.log_command:Invoked command in '/home/lrs-ubuntu/Documents/GitHub/LRS-zadania/workspace/build/template_drone_control' returned '0': CMAKE_PREFIX_PATH=${CMAKE_PREFIX_PATH}:/opt/ros/foxy /usr/bin/cmake --install /home/lrs-ubuntu/Documents/GitHub/LRS-zadania/workspace/build/template_drone_control
[5.497s] Level 1:colcon.colcon_core.environment:checking '/home/lrs-ubuntu/Documents/GitHub/LRS-zadania/workspace/install/template_drone_control' for CMake module files
[5.498s] Level 1:colcon.colcon_core.environment:checking '/home/lrs-ubuntu/Documents/GitHub/LRS-zadania/workspace/install/template_drone_control' for CMake config files
[5.498s] Level 1:colcon.colcon_core.shell:create_environment_hook('template_drone_control', 'cmake_prefix_path')
[5.499s] INFO:colcon.colcon_core.shell:Creating environment hook '/home/lrs-ubuntu/Documents/GitHub/LRS-zadania/workspace/install/template_drone_control/share/template_drone_control/hook/cmake_prefix_path.ps1'
[5.502s] INFO:colcon.colcon_core.shell:Creating environment descriptor '/home/lrs-ubuntu/Documents/GitHub/LRS-zadania/workspace/install/template_drone_control/share/template_drone_control/hook/cmake_prefix_path.dsv'
[5.505s] INFO:colcon.colcon_core.shell:Creating environment hook '/home/lrs-ubuntu/Documents/GitHub/LRS-zadania/workspace/install/template_drone_control/share/template_drone_control/hook/cmake_prefix_path.sh'
[5.509s] Level 1:colcon.colcon_core.environment:checking '/home/lrs-ubuntu/Documents/GitHub/LRS-zadania/workspace/install/template_drone_control/lib'
[5.510s] Level 1:colcon.colcon_core.environment:checking '/home/lrs-ubuntu/Documents/GitHub/LRS-zadania/workspace/install/template_drone_control/bin'
[5.510s] Level 1:colcon.colcon_core.environment:checking '/home/lrs-ubuntu/Documents/GitHub/LRS-zadania/workspace/install/template_drone_control/lib/pkgconfig/template_drone_control.pc'
[5.510s] Level 1:colcon.colcon_core.environment:checking '/home/lrs-ubuntu/Documents/GitHub/LRS-zadania/workspace/install/template_drone_control/lib/python3.8/site-packages'
[5.511s] Level 1:colcon.colcon_core.environment:checking '/home/lrs-ubuntu/Documents/GitHub/LRS-zadania/workspace/install/template_drone_control/bin'
[5.511s] INFO:colcon.colcon_core.shell:Creating package script '/home/lrs-ubuntu/Documents/GitHub/LRS-zadania/workspace/install/template_drone_control/share/template_drone_control/package.ps1'
[5.514s] INFO:colcon.colcon_core.shell:Creating package descriptor '/home/lrs-ubuntu/Documents/GitHub/LRS-zadania/workspace/install/template_drone_control/share/template_drone_control/package.dsv'
[5.518s] INFO:colcon.colcon_core.shell:Creating package script '/home/lrs-ubuntu/Documents/GitHub/LRS-zadania/workspace/install/template_drone_control/share/template_drone_control/package.sh'
[5.519s] INFO:colcon.colcon_core.shell:Creating package script '/home/lrs-ubuntu/Documents/GitHub/LRS-zadania/workspace/install/template_drone_control/share/template_drone_control/package.bash'
[5.524s] INFO:colcon.colcon_core.shell:Creating package script '/home/lrs-ubuntu/Documents/GitHub/LRS-zadania/workspace/install/template_drone_control/share/template_drone_control/package.zsh'
[5.528s] Level 1:colcon.colcon_core.environment:create_file_with_runtime_dependencies(/home/lrs-ubuntu/Documents/GitHub/LRS-zadania/workspace/install/template_drone_control/share/colcon-core/packages/template_drone_control)
[5.569s] Level 1:colcon.colcon_core.environment:create_environment_scripts_only(template_drone_control)
[5.570s] Level 1:colcon.colcon_core.environment:checking '/home/lrs-ubuntu/Documents/GitHub/LRS-zadania/workspace/install/template_drone_control' for CMake module files
[5.571s] Level 1:colcon.colcon_core.environment:checking '/home/lrs-ubuntu/Documents/GitHub/LRS-zadania/workspace/install/template_drone_control' for CMake config files
[5.571s] Level 1:colcon.colcon_core.shell:create_environment_hook('template_drone_control', 'cmake_prefix_path')
[5.571s] INFO:colcon.colcon_core.shell:Creating environment hook '/home/lrs-ubuntu/Documents/GitHub/LRS-zadania/workspace/install/template_drone_control/share/template_drone_control/hook/cmake_prefix_path.ps1'
[5.572s] INFO:colcon.colcon_core.shell:Creating environment descriptor '/home/lrs-ubuntu/Documents/GitHub/LRS-zadania/workspace/install/template_drone_control/share/template_drone_control/hook/cmake_prefix_path.dsv'
[5.573s] INFO:colcon.colcon_core.shell:Creating environment hook '/home/lrs-ubuntu/Documents/GitHub/LRS-zadania/workspace/install/template_drone_control/share/template_drone_control/hook/cmake_prefix_path.sh'
[5.574s] Level 1:colcon.colcon_core.environment:checking '/home/lrs-ubuntu/Documents/GitHub/LRS-zadania/workspace/install/template_drone_control/lib'
[5.574s] Level 1:colcon.colcon_core.environment:checking '/home/lrs-ubuntu/Documents/GitHub/LRS-zadania/workspace/install/template_drone_control/bin'
[5.574s] Level 1:colcon.colcon_core.environment:checking '/home/lrs-ubuntu/Documents/GitHub/LRS-zadania/workspace/install/template_drone_control/lib/pkgconfig/template_drone_control.pc'
[5.574s] Level 1:colcon.colcon_core.environment:checking '/home/lrs-ubuntu/Documents/GitHub/LRS-zadania/workspace/install/template_drone_control/lib/python3.8/site-packages'
[5.574s] Level 1:colcon.colcon_core.environment:checking '/home/lrs-ubuntu/Documents/GitHub/LRS-zadania/workspace/install/template_drone_control/bin'
[5.575s] INFO:colcon.colcon_core.shell:Creating package script '/home/lrs-ubuntu/Documents/GitHub/LRS-zadania/workspace/install/template_drone_control/share/template_drone_control/package.ps1'
[5.575s] INFO:colcon.colcon_core.shell:Creating package descriptor '/home/lrs-ubuntu/Documents/GitHub/LRS-zadania/workspace/install/template_drone_control/share/template_drone_control/package.dsv'
[5.576s] INFO:colcon.colcon_core.shell:Creating package script '/home/lrs-ubuntu/Documents/GitHub/LRS-zadania/workspace/install/template_drone_control/share/template_drone_control/package.sh'
[5.576s] INFO:colcon.colcon_core.shell:Creating package script '/home/lrs-ubuntu/Documents/GitHub/LRS-zadania/workspace/install/template_drone_control/share/template_drone_control/package.bash'
[5.576s] INFO:colcon.colcon_core.shell:Creating package script '/home/lrs-ubuntu/Documents/GitHub/LRS-zadania/workspace/install/template_drone_control/share/template_drone_control/package.zsh'
[5.577s] Level 1:colcon.colcon_core.environment:create_file_with_runtime_dependencies(/home/lrs-ubuntu/Documents/GitHub/LRS-zadania/workspace/install/template_drone_control/share/colcon-core/packages/template_drone_control)
[5.577s] DEBUG:colcon.colcon_parallel_executor.executor.parallel:closing loop
[5.577s] DEBUG:colcon.colcon_parallel_executor.executor.parallel:loop closed
[5.577s] DEBUG:colcon.colcon_parallel_executor.executor.parallel:run_until_complete finished with '0'
[5.577s] DEBUG:colcon.colcon_core.event_reactor:joining thread
[5.599s] INFO:colcon.colcon_core.plugin_system:Skipping extension 'colcon_notification.desktop_notification.terminal_notifier': Not used on non-Darwin systems
[5.599s] INFO:colcon.colcon_core.plugin_system:Skipping extension 'colcon_notification.desktop_notification.win32': Not used on non-Windows systems
[5.599s] INFO:colcon.colcon_notification.desktop_notification:Sending desktop notification using 'notify2'
[5.616s] DEBUG:colcon.colcon_core.event_reactor:joined thread
[5.616s] INFO:colcon.colcon_core.shell:Creating prefix script '/home/lrs-ubuntu/Documents/GitHub/LRS-zadania/workspace/install/local_setup.ps1'
[5.618s] INFO:colcon.colcon_core.shell:Creating prefix util module '/home/lrs-ubuntu/Documents/GitHub/LRS-zadania/workspace/install/_local_setup_util_ps1.py'
[5.621s] INFO:colcon.colcon_core.shell:Creating prefix chain script '/home/lrs-ubuntu/Documents/GitHub/LRS-zadania/workspace/install/setup.ps1'
[5.623s] INFO:colcon.colcon_core.shell:Creating prefix script '/home/lrs-ubuntu/Documents/GitHub/LRS-zadania/workspace/install/local_setup.sh'
[5.625s] INFO:colcon.colcon_core.shell:Creating prefix util module '/home/lrs-ubuntu/Documents/GitHub/LRS-zadania/workspace/install/_local_setup_util_sh.py'
[5.626s] INFO:colcon.colcon_core.shell:Creating prefix chain script '/home/lrs-ubuntu/Documents/GitHub/LRS-zadania/workspace/install/setup.sh'
[5.629s] INFO:colcon.colcon_core.shell:Creating prefix script '/home/lrs-ubuntu/Documents/GitHub/LRS-zadania/workspace/install/local_setup.bash'
[5.633s] INFO:colcon.colcon_core.shell:Creating prefix chain script '/home/lrs-ubuntu/Documents/GitHub/LRS-zadania/workspace/install/setup.bash'
[5.637s] INFO:colcon.colcon_core.shell:Creating prefix script '/home/lrs-ubuntu/Documents/GitHub/LRS-zadania/workspace/install/local_setup.zsh'
[5.641s] INFO:colcon.colcon_core.shell:Creating prefix chain script '/home/lrs-ubuntu/Documents/GitHub/LRS-zadania/workspace/install/setup.zsh'
