[0.303s] DEBUG:colcon:Command line arguments: ['/usr/bin/colcon', 'build', '--packages-select', 'template_drone_control']
[0.304s] DEBUG:colcon:Parsed command line arguments: Namespace(allow_overriding=[], ament_cmake_args=None, base_paths=['.'], build_base='build', catkin_cmake_args=None, catkin_skip_building_tests=False, cmake_args=None, cmake_clean_cache=False, cmake_clean_first=False, cmake_force_configure=False, cmake_target=None, cmake_target_skip_unavailable=False, continue_on_error=False, event_handlers=None, executor='parallel', ignore_user_meta=False, install_base='install', log_base=None, log_level=None, main=<bound method BuildVerb.main of <colcon_core.verb.build.BuildVerb object at 0x7f113826f640>>, merge_install=False, metas=['./colcon.meta'], packages_above=None, packages_above_and_dependencies=None, packages_above_depth=None, packages_end=None, packages_ignore=None, packages_ignore_regex=None, packages_select=['template_drone_control'], packages_select_build_failed=False, packages_select_by_dep=None, packages_select_regex=None, packages_select_test_failures=False, packages_skip=None, packages_skip_build_finished=False, packages_skip_by_dep=None, packages_skip_regex=None, packages_skip_test_passed=False, packages_skip_up_to=None, packages_start=None, packages_up_to=None, packages_up_to_regex=None, parallel_workers=8, paths=None, symlink_install=False, test_result_base=None, verb_extension=<colcon_core.verb.build.BuildVerb object at 0x7f113826f640>, verb_name='build', verb_parser=<colcon_defaults.argument_parser.defaults.DefaultArgumentsDecorator object at 0x7f113826fb80>)
[0.332s] Level 1:colcon.colcon_core.package_discovery:discover_packages(colcon_meta) check parameters
[0.333s] Level 1:colcon.colcon_core.package_discovery:discover_packages(recursive) check parameters
[0.333s] Level 1:colcon.colcon_core.package_discovery:discover_packages(ignore) check parameters
[0.333s] Level 1:colcon.colcon_core.package_discovery:discover_packages(path) check parameters
[0.333s] Level 1:colcon.colcon_core.package_discovery:discover_packages(colcon_meta) discover
[0.333s] Level 1:colcon.colcon_core.package_discovery:discover_packages(recursive) discover
[0.333s] INFO:colcon.colcon_core.package_discovery:Crawling recursively for packages in '/home/lrs-ubuntu/LRS_workspace'
[0.333s] Level 1:colcon.colcon_core.package_identification:_identify(.) by extensions ['ignore', 'ignore_ament_install']
[0.333s] Level 1:colcon.colcon_core.package_identification:_identify(.) by extension 'ignore'
[0.333s] Level 1:colcon.colcon_core.package_identification:_identify(.) by extension 'ignore_ament_install'
[0.333s] Level 1:colcon.colcon_core.package_identification:_identify(.) by extensions ['colcon_pkg']
[0.333s] Level 1:colcon.colcon_core.package_identification:_identify(.) by extension 'colcon_pkg'
[0.333s] Level 1:colcon.colcon_core.package_identification:_identify(.) by extensions ['colcon_meta']
[0.333s] Level 1:colcon.colcon_core.package_identification:_identify(.) by extension 'colcon_meta'
[0.333s] Level 1:colcon.colcon_core.package_identification:_identify(.) by extensions ['ros']
[0.333s] Level 1:colcon.colcon_core.package_identification:_identify(.) by extension 'ros'
[0.359s] Level 1:colcon.colcon_core.package_identification:_identify(.) by extensions ['cmake', 'python']
[0.360s] Level 1:colcon.colcon_core.package_identification:_identify(.) by extension 'cmake'
[0.360s] Level 1:colcon.colcon_core.package_identification:_identify(.) by extension 'python'
[0.360s] Level 1:colcon.colcon_core.package_identification:_identify(.) by extensions ['python_setup_py']
[0.360s] Level 1:colcon.colcon_core.package_identification:_identify(.) by extension 'python_setup_py'
[0.360s] Level 1:colcon.colcon_core.package_identification:_identify(build) by extensions ['ignore', 'ignore_ament_install']
[0.360s] Level 1:colcon.colcon_core.package_identification:_identify(build) by extension 'ignore'
[0.360s] Level 1:colcon.colcon_core.package_identification:_identify(build) ignored
[0.360s] Level 1:colcon.colcon_core.package_identification:_identify(install) by extensions ['ignore', 'ignore_ament_install']
[0.360s] Level 1:colcon.colcon_core.package_identification:_identify(install) by extension 'ignore'
[0.360s] Level 1:colcon.colcon_core.package_identification:_identify(install) ignored
[0.360s] Level 1:colcon.colcon_core.package_identification:_identify(log) by extensions ['ignore', 'ignore_ament_install']
[0.360s] Level 1:colcon.colcon_core.package_identification:_identify(log) by extension 'ignore'
[0.361s] Level 1:colcon.colcon_core.package_identification:_identify(log) ignored
[0.361s] Level 1:colcon.colcon_core.package_identification:_identify(src) by extensions ['ignore', 'ignore_ament_install']
[0.361s] Level 1:colcon.colcon_core.package_identification:_identify(src) by extension 'ignore'
[0.361s] Level 1:colcon.colcon_core.package_identification:_identify(src) by extension 'ignore_ament_install'
[0.361s] Level 1:colcon.colcon_core.package_identification:_identify(src) by extensions ['colcon_pkg']
[0.361s] Level 1:colcon.colcon_core.package_identification:_identify(src) by extension 'colcon_pkg'
[0.361s] Level 1:colcon.colcon_core.package_identification:_identify(src) by extensions ['colcon_meta']
[0.361s] Level 1:colcon.colcon_core.package_identification:_identify(src) by extension 'colcon_meta'
[0.361s] Level 1:colcon.colcon_core.package_identification:_identify(src) by extensions ['ros']
[0.361s] Level 1:colcon.colcon_core.package_identification:_identify(src) by extension 'ros'
[0.361s] Level 1:colcon.colcon_core.package_identification:_identify(src) by extensions ['cmake', 'python']
[0.361s] Level 1:colcon.colcon_core.package_identification:_identify(src) by extension 'cmake'
[0.361s] Level 1:colcon.colcon_core.package_identification:_identify(src) by extension 'python'
[0.361s] Level 1:colcon.colcon_core.package_identification:_identify(src) by extensions ['python_setup_py']
[0.361s] Level 1:colcon.colcon_core.package_identification:_identify(src) by extension 'python_setup_py'
[0.361s] Level 1:colcon.colcon_core.package_identification:_identify(src/template_drone_control) by extensions ['ignore', 'ignore_ament_install']
[0.361s] Level 1:colcon.colcon_core.package_identification:_identify(src/template_drone_control) by extension 'ignore'
[0.361s] Level 1:colcon.colcon_core.package_identification:_identify(src/template_drone_control) by extension 'ignore_ament_install'
[0.362s] Level 1:colcon.colcon_core.package_identification:_identify(src/template_drone_control) by extensions ['colcon_pkg']
[0.362s] Level 1:colcon.colcon_core.package_identification:_identify(src/template_drone_control) by extension 'colcon_pkg'
[0.362s] Level 1:colcon.colcon_core.package_identification:_identify(src/template_drone_control) by extensions ['colcon_meta']
[0.362s] Level 1:colcon.colcon_core.package_identification:_identify(src/template_drone_control) by extension 'colcon_meta'
[0.362s] Level 1:colcon.colcon_core.package_identification:_identify(src/template_drone_control) by extensions ['ros']
[0.362s] Level 1:colcon.colcon_core.package_identification:_identify(src/template_drone_control) by extension 'ros'
[0.365s] DEBUG:colcon.colcon_core.package_identification:Package 'src/template_drone_control' with type 'ros.ament_cmake' and name 'template_drone_control'
[0.365s] Level 1:colcon.colcon_core.package_discovery:discover_packages(recursive) using defaults
[0.365s] Level 1:colcon.colcon_core.package_discovery:discover_packages(ignore) discover
[0.365s] Level 1:colcon.colcon_core.package_discovery:discover_packages(ignore) using defaults
[0.365s] Level 1:colcon.colcon_core.package_discovery:discover_packages(path) discover
[0.365s] Level 1:colcon.colcon_core.package_discovery:discover_packages(path) using defaults
[0.385s] Level 1:colcon.colcon_core.package_discovery:discover_packages(prefix_path) check parameters
[0.385s] Level 1:colcon.colcon_core.package_discovery:discover_packages(prefix_path) discover
[0.388s] DEBUG:colcon.colcon_installed_package_information.package_discovery:Found 174 installed packages in /opt/ros/foxy
[0.390s] Level 1:colcon.colcon_core.package_discovery:discover_packages(prefix_path) using defaults
[0.448s] Level 5:colcon.colcon_core.verb:set package 'template_drone_control' build argument 'cmake_args' from command line to 'None'
[0.448s] Level 5:colcon.colcon_core.verb:set package 'template_drone_control' build argument 'cmake_target' from command line to 'None'
[0.448s] Level 5:colcon.colcon_core.verb:set package 'template_drone_control' build argument 'cmake_target_skip_unavailable' from command line to 'False'
[0.448s] Level 5:colcon.colcon_core.verb:set package 'template_drone_control' build argument 'cmake_clean_cache' from command line to 'False'
[0.448s] Level 5:colcon.colcon_core.verb:set package 'template_drone_control' build argument 'cmake_clean_first' from command line to 'False'
[0.449s] Level 5:colcon.colcon_core.verb:set package 'template_drone_control' build argument 'cmake_force_configure' from command line to 'False'
[0.449s] Level 5:colcon.colcon_core.verb:set package 'template_drone_control' build argument 'ament_cmake_args' from command line to 'None'
[0.449s] Level 5:colcon.colcon_core.verb:set package 'template_drone_control' build argument 'catkin_cmake_args' from command line to 'None'
[0.449s] Level 5:colcon.colcon_core.verb:set package 'template_drone_control' build argument 'catkin_skip_building_tests' from command line to 'False'
[0.449s] DEBUG:colcon.colcon_core.verb:Building package 'template_drone_control' with the following arguments: {'ament_cmake_args': None, 'build_base': '/home/lrs-ubuntu/LRS_workspace/build/template_drone_control', 'catkin_cmake_args': None, 'catkin_skip_building_tests': False, 'cmake_args': None, 'cmake_clean_cache': False, 'cmake_clean_first': False, 'cmake_force_configure': False, 'cmake_target': None, 'cmake_target_skip_unavailable': False, 'install_base': '/home/lrs-ubuntu/LRS_workspace/install/template_drone_control', 'merge_install': False, 'path': '/home/lrs-ubuntu/LRS_workspace/src/template_drone_control', 'symlink_install': False, 'test_result_base': None}
[0.449s] INFO:colcon.colcon_core.executor:Executing jobs using 'parallel' executor
[0.454s] DEBUG:colcon.colcon_parallel_executor.executor.parallel:run_until_complete
[0.455s] INFO:colcon.colcon_ros.task.ament_cmake.build:Building ROS package in '/home/lrs-ubuntu/LRS_workspace/src/template_drone_control' with build type 'ament_cmake'
[0.455s] INFO:colcon.colcon_cmake.task.cmake.build:Building CMake package in '/home/lrs-ubuntu/LRS_workspace/src/template_drone_control'
[0.460s] INFO:colcon.colcon_core.plugin_system:Skipping extension 'colcon_core.shell.bat': Not used on non-Windows systems
[0.460s] INFO:colcon.colcon_core.shell:Skip shell extension 'powershell' for command environment: Not usable outside of PowerShell
[0.460s] DEBUG:colcon.colcon_core.shell:Skip shell extension 'dsv' for command environment
[0.477s] DEBUG:colcon.colcon_core.event_handler.log_command:Invoking command in '/home/lrs-ubuntu/LRS_workspace/build/template_drone_control': CMAKE_PREFIX_PATH=/opt/ros/foxy /usr/bin/cmake /home/lrs-ubuntu/LRS_workspace/src/template_drone_control -DCMAKE_INSTALL_PREFIX=/home/lrs-ubuntu/LRS_workspace/install/template_drone_control
[3.198s] DEBUG:colcon.colcon_core.event_handler.log_command:Invoked command in '/home/lrs-ubuntu/LRS_workspace/build/template_drone_control' returned '0': CMAKE_PREFIX_PATH=/opt/ros/foxy /usr/bin/cmake /home/lrs-ubuntu/LRS_workspace/src/template_drone_control -DCMAKE_INSTALL_PREFIX=/home/lrs-ubuntu/LRS_workspace/install/template_drone_control
[3.205s] DEBUG:colcon.colcon_core.event_handler.log_command:Invoking command in '/home/lrs-ubuntu/LRS_workspace/build/template_drone_control': CMAKE_PREFIX_PATH=/opt/ros/foxy /usr/bin/cmake --build /home/lrs-ubuntu/LRS_workspace/build/template_drone_control -- -j8 -l8
[13.763s] DEBUG:colcon.colcon_core.event_handler.log_command:Invoked command in '/home/lrs-ubuntu/LRS_workspace/build/template_drone_control' returned '0': CMAKE_PREFIX_PATH=/opt/ros/foxy /usr/bin/cmake --build /home/lrs-ubuntu/LRS_workspace/build/template_drone_control -- -j8 -l8
[13.819s] DEBUG:colcon.colcon_core.event_handler.log_command:Invoking command in '/home/lrs-ubuntu/LRS_workspace/build/template_drone_control': CMAKE_PREFIX_PATH=/opt/ros/foxy /usr/bin/cmake --install /home/lrs-ubuntu/LRS_workspace/build/template_drone_control
[13.842s] Level 1:colcon.colcon_core.environment:create_environment_scripts_only(template_drone_control)
[13.843s] DEBUG:colcon.colcon_core.event_handler.log_command:Invoked command in '/home/lrs-ubuntu/LRS_workspace/build/template_drone_control' returned '0': CMAKE_PREFIX_PATH=/opt/ros/foxy /usr/bin/cmake --install /home/lrs-ubuntu/LRS_workspace/build/template_drone_control
[13.849s] Level 1:colcon.colcon_core.environment:checking '/home/lrs-ubuntu/LRS_workspace/install/template_drone_control' for CMake module files
[13.850s] Level 1:colcon.colcon_core.environment:checking '/home/lrs-ubuntu/LRS_workspace/install/template_drone_control' for CMake config files
[13.850s] Level 1:colcon.colcon_core.shell:create_environment_hook('template_drone_control', 'cmake_prefix_path')
[13.852s] INFO:colcon.colcon_core.shell:Creating environment hook '/home/lrs-ubuntu/LRS_workspace/install/template_drone_control/share/template_drone_control/hook/cmake_prefix_path.ps1'
[13.853s] INFO:colcon.colcon_core.shell:Creating environment descriptor '/home/lrs-ubuntu/LRS_workspace/install/template_drone_control/share/template_drone_control/hook/cmake_prefix_path.dsv'
[13.853s] INFO:colcon.colcon_core.shell:Creating environment hook '/home/lrs-ubuntu/LRS_workspace/install/template_drone_control/share/template_drone_control/hook/cmake_prefix_path.sh'
[13.854s] Level 1:colcon.colcon_core.environment:checking '/home/lrs-ubuntu/LRS_workspace/install/template_drone_control/lib'
[13.854s] Level 1:colcon.colcon_core.environment:checking '/home/lrs-ubuntu/LRS_workspace/install/template_drone_control/bin'
[13.854s] Level 1:colcon.colcon_core.environment:checking '/home/lrs-ubuntu/LRS_workspace/install/template_drone_control/lib/pkgconfig/template_drone_control.pc'
[13.855s] Level 1:colcon.colcon_core.environment:checking '/home/lrs-ubuntu/LRS_workspace/install/template_drone_control/lib/python3.8/site-packages'
[13.855s] Level 1:colcon.colcon_core.environment:checking '/home/lrs-ubuntu/LRS_workspace/install/template_drone_control/bin'
[13.857s] INFO:colcon.colcon_core.shell:Creating package script '/home/lrs-ubuntu/LRS_workspace/install/template_drone_control/share/template_drone_control/package.ps1'
[13.858s] INFO:colcon.colcon_core.shell:Creating package descriptor '/home/lrs-ubuntu/LRS_workspace/install/template_drone_control/share/template_drone_control/package.dsv'
[13.858s] INFO:colcon.colcon_core.shell:Creating package script '/home/lrs-ubuntu/LRS_workspace/install/template_drone_control/share/template_drone_control/package.sh'
[13.860s] INFO:colcon.colcon_core.shell:Creating package script '/home/lrs-ubuntu/LRS_workspace/install/template_drone_control/share/template_drone_control/package.bash'
[13.860s] INFO:colcon.colcon_core.shell:Creating package script '/home/lrs-ubuntu/LRS_workspace/install/template_drone_control/share/template_drone_control/package.zsh'
[13.861s] Level 1:colcon.colcon_core.environment:create_file_with_runtime_dependencies(/home/lrs-ubuntu/LRS_workspace/install/template_drone_control/share/colcon-core/packages/template_drone_control)
[13.900s] Level 1:colcon.colcon_core.environment:create_environment_scripts_only(template_drone_control)
[13.903s] Level 1:colcon.colcon_core.environment:checking '/home/lrs-ubuntu/LRS_workspace/install/template_drone_control' for CMake module files
[13.904s] Level 1:colcon.colcon_core.environment:checking '/home/lrs-ubuntu/LRS_workspace/install/template_drone_control' for CMake config files
[13.904s] Level 1:colcon.colcon_core.shell:create_environment_hook('template_drone_control', 'cmake_prefix_path')
[13.906s] INFO:colcon.colcon_core.shell:Creating environment hook '/home/lrs-ubuntu/LRS_workspace/install/template_drone_control/share/template_drone_control/hook/cmake_prefix_path.ps1'
[13.907s] INFO:colcon.colcon_core.shell:Creating environment descriptor '/home/lrs-ubuntu/LRS_workspace/install/template_drone_control/share/template_drone_control/hook/cmake_prefix_path.dsv'
[13.910s] INFO:colcon.colcon_core.shell:Creating environment hook '/home/lrs-ubuntu/LRS_workspace/install/template_drone_control/share/template_drone_control/hook/cmake_prefix_path.sh'
[13.911s] Level 1:colcon.colcon_core.environment:checking '/home/lrs-ubuntu/LRS_workspace/install/template_drone_control/lib'
[13.912s] Level 1:colcon.colcon_core.environment:checking '/home/lrs-ubuntu/LRS_workspace/install/template_drone_control/bin'
[13.912s] Level 1:colcon.colcon_core.environment:checking '/home/lrs-ubuntu/LRS_workspace/install/template_drone_control/lib/pkgconfig/template_drone_control.pc'
[13.912s] Level 1:colcon.colcon_core.environment:checking '/home/lrs-ubuntu/LRS_workspace/install/template_drone_control/lib/python3.8/site-packages'
[13.912s] Level 1:colcon.colcon_core.environment:checking '/home/lrs-ubuntu/LRS_workspace/install/template_drone_control/bin'
[13.914s] INFO:colcon.colcon_core.shell:Creating package script '/home/lrs-ubuntu/LRS_workspace/install/template_drone_control/share/template_drone_control/package.ps1'
[13.915s] INFO:colcon.colcon_core.shell:Creating package descriptor '/home/lrs-ubuntu/LRS_workspace/install/template_drone_control/share/template_drone_control/package.dsv'
[13.916s] INFO:colcon.colcon_core.shell:Creating package script '/home/lrs-ubuntu/LRS_workspace/install/template_drone_control/share/template_drone_control/package.sh'
[13.917s] INFO:colcon.colcon_core.shell:Creating package script '/home/lrs-ubuntu/LRS_workspace/install/template_drone_control/share/template_drone_control/package.bash'
[13.918s] INFO:colcon.colcon_core.shell:Creating package script '/home/lrs-ubuntu/LRS_workspace/install/template_drone_control/share/template_drone_control/package.zsh'
[13.919s] Level 1:colcon.colcon_core.environment:create_file_with_runtime_dependencies(/home/lrs-ubuntu/LRS_workspace/install/template_drone_control/share/colcon-core/packages/template_drone_control)
[13.920s] DEBUG:colcon.colcon_parallel_executor.executor.parallel:closing loop
[13.920s] DEBUG:colcon.colcon_parallel_executor.executor.parallel:loop closed
[13.920s] DEBUG:colcon.colcon_parallel_executor.executor.parallel:run_until_complete finished with '0'
[13.921s] DEBUG:colcon.colcon_core.event_reactor:joining thread
[13.933s] INFO:colcon.colcon_core.plugin_system:Skipping extension 'colcon_notification.desktop_notification.terminal_notifier': Not used on non-Darwin systems
[13.933s] INFO:colcon.colcon_core.plugin_system:Skipping extension 'colcon_notification.desktop_notification.win32': Not used on non-Windows systems
[13.933s] INFO:colcon.colcon_notification.desktop_notification:Sending desktop notification using 'notify2'
[13.962s] DEBUG:colcon.colcon_core.event_reactor:joined thread
[13.964s] INFO:colcon.colcon_core.shell:Creating prefix script '/home/lrs-ubuntu/LRS_workspace/install/local_setup.ps1'
[13.965s] INFO:colcon.colcon_core.shell:Creating prefix util module '/home/lrs-ubuntu/LRS_workspace/install/_local_setup_util_ps1.py'
[13.966s] INFO:colcon.colcon_core.shell:Creating prefix chain script '/home/lrs-ubuntu/LRS_workspace/install/setup.ps1'
[13.970s] INFO:colcon.colcon_core.shell:Creating prefix script '/home/lrs-ubuntu/LRS_workspace/install/local_setup.sh'
[13.972s] INFO:colcon.colcon_core.shell:Creating prefix util module '/home/lrs-ubuntu/LRS_workspace/install/_local_setup_util_sh.py'
[13.972s] INFO:colcon.colcon_core.shell:Creating prefix chain script '/home/lrs-ubuntu/LRS_workspace/install/setup.sh'
[13.975s] INFO:colcon.colcon_core.shell:Creating prefix script '/home/lrs-ubuntu/LRS_workspace/install/local_setup.bash'
[13.976s] INFO:colcon.colcon_core.shell:Creating prefix chain script '/home/lrs-ubuntu/LRS_workspace/install/setup.bash'
[13.977s] INFO:colcon.colcon_core.shell:Creating prefix script '/home/lrs-ubuntu/LRS_workspace/install/local_setup.zsh'
[13.978s] INFO:colcon.colcon_core.shell:Creating prefix chain script '/home/lrs-ubuntu/LRS_workspace/install/setup.zsh'
