[0.008s] Invoking command in '/home/lrs-ubuntu/Documents/GitHub/LRS-zadania/workspace/build/template_drone_control': CMAKE_PREFIX_PATH=${CMAKE_PREFIX_PATH}:/opt/ros/foxy /usr/bin/cmake --build /home/lrs-ubuntu/Documents/GitHub/LRS-zadania/workspace/build/template_drone_control -- -j16 -l16
[0.034s] [35m[1mScanning dependencies of target template_drone_control_node[0m
[0.058s] [ 50%] [32mBuilding CXX object CMakeFiles/template_drone_control_node.dir/src/template_drone_control_node.cpp.o[0m
[3.049s] /home/lrs-ubuntu/Documents/GitHub/LRS-zadania/workspace/src/template_drone_control/src/template_drone_control_node.cpp: In member function ‘void TemplateDroneControl::move(const string&, const string&)’:
[3.049s] /home/lrs-ubuntu/Documents/GitHub/LRS-zadania/workspace/src/template_drone_control/src/template_drone_control_node.cpp:313:35: warning: comparison of integer expressions of different signedness: ‘int’ and ‘std::vector<TemplateDroneControl::Point2D>::size_type’ {aka ‘long unsigned int’} [-Wsign-compare]
[3.049s]   313 |                 if (waypointIndex == (path.size())) isOnTarget = true;
[3.049s]       |                     ~~~~~~~~~~~~~~^~~~~~~~~~~~~~~~
[3.049s] In file included from /opt/ros/foxy/include/rclcpp/client.hpp:40,
[3.049s]                  from /opt/ros/foxy/include/rclcpp/callback_group.hpp:23,
[3.049s]                  from /opt/ros/foxy/include/rclcpp/any_executable.hpp:20,
[3.049s]                  from /opt/ros/foxy/include/rclcpp/memory_strategy.hpp:24,
[3.049s]                  from /opt/ros/foxy/include/rclcpp/memory_strategies.hpp:18,
[3.049s]                  from /opt/ros/foxy/include/rclcpp/executor_options.hpp:20,
[3.049s]                  from /opt/ros/foxy/include/rclcpp/executor.hpp:33,
[3.049s]                  from /opt/ros/foxy/include/rclcpp/executors/multi_threaded_executor.hpp:26,
[3.049s]                  from /opt/ros/foxy/include/rclcpp/executors.hpp:21,
[3.049s]                  from /opt/ros/foxy/include/rclcpp/rclcpp.hpp:146,
[3.050s]                  from /home/lrs-ubuntu/Documents/GitHub/LRS-zadania/workspace/src/template_drone_control/src/template_drone_control_node.cpp:1:
[3.050s] /home/lrs-ubuntu/Documents/GitHub/LRS-zadania/workspace/src/template_drone_control/src/template_drone_control_node.cpp:315:112: error: expected ‘)’ before numeric constant
[3.050s]   315 |                 RCLCPP_INFO(this->get_logger(), "waypointindex (%d) pathsize (%d)", waypointIndex, (path.size()1));
[3.050s]       |                                                                                                    ~           ^
[3.050s] /home/lrs-ubuntu/Documents/GitHub/LRS-zadania/workspace/src/template_drone_control/src/template_drone_control_node.cpp:315:17: error: expected ‘)’ before ‘;’ token
[3.050s]   315 |                 RCLCPP_INFO(this->get_logger(), "waypointindex (%d) pathsize (%d)", waypointIndex, (path.size()1));
[3.050s]       |                 ^~~~~~~~~~~
[3.050s] /home/lrs-ubuntu/Documents/GitHub/LRS-zadania/workspace/src/template_drone_control/src/template_drone_control_node.cpp: In member function ‘void TemplateDroneControl::turn(std::string, double)’:
[3.050s] /home/lrs-ubuntu/Documents/GitHub/LRS-zadania/workspace/src/template_drone_control/src/template_drone_control_node.cpp:394:16: warning: unused variable ‘initial_angle’ [-Wunused-variable]
[3.050s]   394 |         double initial_angle = angle;
[3.050s]       |                ^~~~~~~~~~~~~
[3.050s] make[2]: *** [CMakeFiles/template_drone_control_node.dir/build.make:63: CMakeFiles/template_drone_control_node.dir/src/template_drone_control_node.cpp.o] Error 1
[3.050s] make[1]: *** [CMakeFiles/Makefile2:105: CMakeFiles/template_drone_control_node.dir/all] Error 2
[3.050s] make: *** [Makefile:141: all] Error 2
[3.051s] Invoked command in '/home/lrs-ubuntu/Documents/GitHub/LRS-zadania/workspace/build/template_drone_control' returned '2': CMAKE_PREFIX_PATH=${CMAKE_PREFIX_PATH}:/opt/ros/foxy /usr/bin/cmake --build /home/lrs-ubuntu/Documents/GitHub/LRS-zadania/workspace/build/template_drone_control -- -j16 -l16
