/home/lrs-ubuntu/Documents/GitHub/LRS-zadania/workspace/src/template_drone_control/src/template_drone_control_node.cpp: In member function ‘void TemplateDroneControl::move(const string&, const string&)’:
/home/lrs-ubuntu/Documents/GitHub/LRS-zadania/workspace/src/template_drone_control/src/template_drone_control_node.cpp:196:9: error: expected ‘,’ or ‘;’ before ‘double’
  196 |         double z = 2;
      |         ^~~~~~
/home/lrs-ubuntu/Documents/GitHub/LRS-zadania/workspace/src/template_drone_control/src/template_drone_control_node.cpp:212:47: error: ‘z’ was not declared in this scope
  212 |                 target_pose.pose.position.z = z;
      |                                               ^
In file included from /opt/ros/foxy/include/rclcpp/client.hpp:40,
                 from /opt/ros/foxy/include/rclcpp/callback_group.hpp:23,
                 from /opt/ros/foxy/include/rclcpp/any_executable.hpp:20,
                 from /opt/ros/foxy/include/rclcpp/memory_strategy.hpp:24,
                 from /opt/ros/foxy/include/rclcpp/memory_strategies.hpp:18,
                 from /opt/ros/foxy/include/rclcpp/executor_options.hpp:20,
                 from /opt/ros/foxy/include/rclcpp/executor.hpp:33,
                 from /opt/ros/foxy/include/rclcpp/executors/multi_threaded_executor.hpp:26,
                 from /opt/ros/foxy/include/rclcpp/executors.hpp:21,
                 from /opt/ros/foxy/include/rclcpp/rclcpp.hpp:146,
                 from /home/lrs-ubuntu/Documents/GitHub/LRS-zadania/workspace/src/template_drone_control/src/template_drone_control_node.cpp:1:
/home/lrs-ubuntu/Documents/GitHub/LRS-zadania/workspace/src/template_drone_control/src/template_drone_control_node.cpp:236:145: error: ‘finish_type’ was not declared in this scope
  236 |                         RCLCPP_INFO(this->get_logger(), "Reached waypoint map orientation (%.2f, %.2f) with %s finish", waypoint.x, waypoint.y, finish_type.c_str());
      |                                                                                                                                                 ^~~~~~~~~~~
/home/lrs-ubuntu/Documents/GitHub/LRS-zadania/workspace/src/template_drone_control/src/template_drone_control_node.cpp:232:28: warning: unused variable ‘dz’ [-Wunused-variable]
  232 |                     double dz = current_pos.pose.position.z - z;
      |                            ^~
make[2]: *** [CMakeFiles/template_drone_control_node.dir/build.make:63: CMakeFiles/template_drone_control_node.dir/src/template_drone_control_node.cpp.o] Error 1
make[1]: *** [CMakeFiles/Makefile2:105: CMakeFiles/template_drone_control_node.dir/all] Error 2
make: *** [Makefile:141: all] Error 2
