[0.007s] Invoking command in '/home/lrs-ubuntu/Documents/GitHub/LRS-zadania/workspace/build/template_drone_control': CMAKE_PREFIX_PATH=${CMAKE_PREFIX_PATH}:/opt/ros/foxy /usr/bin/cmake --build /home/lrs-ubuntu/Documents/GitHub/LRS-zadania/workspace/build/template_drone_control -- -j16 -l16
[0.037s] [35m[1mScanning dependencies of target swaarm_control[0m
[0.049s] [ 50%] Built target template_drone_control_node
[0.065s] [ 75%] [32mBuilding CXX object CMakeFiles/swaarm_control.dir/src/swaarm_control.cpp.o[0m
[2.941s] /home/lrs-ubuntu/Documents/GitHub/LRS-zadania/workspace/src/template_drone_control/src/swaarm_control.cpp: In constructor ‘MultiDroneControl::MultiDroneControl()’:
[2.941s] /home/lrs-ubuntu/Documents/GitHub/LRS-zadania/workspace/src/template_drone_control/src/swaarm_control.cpp:69:56: error: no match for ‘operator=’ (operand types are ‘MultiDroneControl::MultiDroneControl()::Coordinates’ and ‘std::vector<MultiDroneControl::Coordinates>’)
[2.941s]    69 |         droneCoords = get_position(drone_namespaces_[1]);
[2.941s]       |                                                        ^
[2.941s] /home/lrs-ubuntu/Documents/GitHub/LRS-zadania/workspace/src/template_drone_control/src/swaarm_control.cpp:54:16: note: candidate: ‘constexpr MultiDroneControl::MultiDroneControl()::Coordinates& MultiDroneControl::MultiDroneControl()::Coordinates::operator=(const MultiDroneControl::MultiDroneControl()::Coordinates&)’
[2.941s]    54 |         struct Coordinates {
[2.941s]       |                ^~~~~~~~~~~
[2.941s] /home/lrs-ubuntu/Documents/GitHub/LRS-zadania/workspace/src/template_drone_control/src/swaarm_control.cpp:54:16: note:   no known conversion for argument 1 from ‘std::vector<MultiDroneControl::Coordinates>’ to ‘const MultiDroneControl::MultiDroneControl()::Coordinates&’
[2.941s] /home/lrs-ubuntu/Documents/GitHub/LRS-zadania/workspace/src/template_drone_control/src/swaarm_control.cpp:54:16: note: candidate: ‘constexpr MultiDroneControl::MultiDroneControl()::Coordinates& MultiDroneControl::MultiDroneControl()::Coordinates::operator=(MultiDroneControl::MultiDroneControl()::Coordinates&&)’
[2.941s] /home/lrs-ubuntu/Documents/GitHub/LRS-zadania/workspace/src/template_drone_control/src/swaarm_control.cpp:54:16: note:   no known conversion for argument 1 from ‘std::vector<MultiDroneControl::Coordinates>’ to ‘MultiDroneControl::MultiDroneControl()::Coordinates&&’
[2.941s] /home/lrs-ubuntu/Documents/GitHub/LRS-zadania/workspace/src/template_drone_control/src/swaarm_control.cpp: In member function ‘std::vector<MultiDroneControl::Coordinates> MultiDroneControl::get_position(const string&)’:
[2.941s] /home/lrs-ubuntu/Documents/GitHub/LRS-zadania/workspace/src/template_drone_control/src/swaarm_control.cpp:96:62: warning: unused parameter ‘ns’ [-Wunused-parameter]
[2.941s]    96 |     std::vector<Coordinates> get_position(const std::string &ns)
[2.942s]       |                                           ~~~~~~~~~~~~~~~~~~~^~
[2.942s] make[2]: *** [CMakeFiles/swaarm_control.dir/build.make:63: CMakeFiles/swaarm_control.dir/src/swaarm_control.cpp.o] Error 1
[2.942s] make[1]: *** [CMakeFiles/Makefile2:80: CMakeFiles/swaarm_control.dir/all] Error 2
[2.942s] make: *** [Makefile:141: all] Error 2
[2.943s] Invoked command in '/home/lrs-ubuntu/Documents/GitHub/LRS-zadania/workspace/build/template_drone_control' returned '2': CMAKE_PREFIX_PATH=${CMAKE_PREFIX_PATH}:/opt/ros/foxy /usr/bin/cmake --build /home/lrs-ubuntu/Documents/GitHub/LRS-zadania/workspace/build/template_drone_control -- -j16 -l16
