[0.008s] Invoking command in '/home/lrs-ubuntu/Documents/GitHub/LRS-zadania/workspace/build/template_drone_control': CMAKE_PREFIX_PATH=${CMAKE_PREFIX_PATH}:/opt/ros/foxy /usr/bin/cmake --build /home/lrs-ubuntu/Documents/GitHub/LRS-zadania/workspace/build/template_drone_control -- -j16 -l16
[0.039s] [35m[1mScanning dependencies of target swaarm_control[0m
[0.051s] [ 50%] Built target template_drone_control_node
[0.062s] [ 75%] [32mBuilding CXX object CMakeFiles/swaarm_control.dir/src/swaarm_control.cpp.o[0m
[2.968s] /home/lrs-ubuntu/Documents/GitHub/LRS-zadania/workspace/src/template_drone_control/src/swaarm_control.cpp: In member function ‘void MultiDroneControl::move_drones(MultiDroneControl::Coords)’:
[2.968s] /home/lrs-ubuntu/Documents/GitHub/LRS-zadania/workspace/src/template_drone_control/src/swaarm_control.cpp:253:26: error: ‘local_pos_subs_drone1’ was not declared in this scope; did you mean ‘local_pos_subs_’?
[2.968s]   253 |         auto posDrone1 = local_pos_subs_drone1;
[2.968s]       |                          ^~~~~~~~~~~~~~~~~~~~~
[2.968s]       |                          local_pos_subs_
[2.968s] /home/lrs-ubuntu/Documents/GitHub/LRS-zadania/workspace/src/template_drone_control/src/swaarm_control.cpp:258:18: error: ‘coordsDrone2’ was not declared in this scope
[2.968s]   258 |         std::tie(coordsDrone2, coordsDrone3) = calculateFollowerPositions(coordsDrone1);
[2.968s]       |                  ^~~~~~~~~~~~
[2.968s] /home/lrs-ubuntu/Documents/GitHub/LRS-zadania/workspace/src/template_drone_control/src/swaarm_control.cpp:258:32: error: ‘coordsDrone3’ was not declared in this scope
[2.968s]   258 |         std::tie(coordsDrone2, coordsDrone3) = calculateFollowerPositions(coordsDrone1);
[2.968s]       |                                ^~~~~~~~~~~~
[2.969s] /home/lrs-ubuntu/Documents/GitHub/LRS-zadania/workspace/src/template_drone_control/src/swaarm_control.cpp:258:75: error: ‘coordsDrone1’ was not declared in this scope
[2.969s]   258 |         std::tie(coordsDrone2, coordsDrone3) = calculateFollowerPositions(coordsDrone1);
[2.969s]       |                                                                           ^~~~~~~~~~~~
[2.969s] make[2]: *** [CMakeFiles/swaarm_control.dir/build.make:63: CMakeFiles/swaarm_control.dir/src/swaarm_control.cpp.o] Error 1
[2.969s] make[1]: *** [CMakeFiles/Makefile2:80: CMakeFiles/swaarm_control.dir/all] Error 2
[2.969s] make: *** [Makefile:141: all] Error 2
[2.970s] Invoked command in '/home/lrs-ubuntu/Documents/GitHub/LRS-zadania/workspace/build/template_drone_control' returned '2': CMAKE_PREFIX_PATH=${CMAKE_PREFIX_PATH}:/opt/ros/foxy /usr/bin/cmake --build /home/lrs-ubuntu/Documents/GitHub/LRS-zadania/workspace/build/template_drone_control -- -j16 -l16
