[0.029s] Invoking command in '/home/matus/LRS-zadania/workspace/build/my_package': CMAKE_PREFIX_PATH=/opt/ros/foxy /usr/bin/cmake /home/matus/LRS-zadania/workspace/src/my_package -DCMAKE_INSTALL_PREFIX=/home/matus/LRS-zadania/workspace/install/my_package
[0.187s] -- The C compiler identification is GNU 9.4.0
[0.338s] -- The CXX compiler identification is GNU 9.4.0
[0.347s] -- Check for working C compiler: /usr/lib/ccache/cc
[0.507s] -- Check for working C compiler: /usr/lib/ccache/cc -- works
[0.510s] -- Detecting C compiler ABI info
[0.627s] -- Detecting C compiler ABI info - done
[0.647s] -- Detecting C compile features
[0.648s] -- Detecting C compile features - done
[0.651s] -- Check for working CXX compiler: /usr/lib/ccache/c++
[0.826s] -- Check for working CXX compiler: /usr/lib/ccache/c++ -- works
[0.829s] -- Detecting CXX compiler ABI info
[0.961s] -- Detecting CXX compiler ABI info - done
[0.978s] -- Detecting CXX compile features
[0.979s] -- Detecting CXX compile features - done
[0.982s] -- Found ament_cmake: 0.9.12 (/opt/ros/foxy/share/ament_cmake/cmake)
[1.018s] -- Found PythonInterp: /usr/bin/python3 (found suitable version "3.8.10", minimum required is "3") 
[1.018s] -- Using PYTHON_EXECUTABLE: /usr/bin/python3
[1.265s] -- Found ament_lint_auto: 0.9.8 (/opt/ros/foxy/share/ament_lint_auto/cmake)
[1.364s] -- Added test 'copyright' to check source files copyright and LICENSE
[1.365s] -- Added test 'cppcheck' to perform static code analysis on C / C++ code
[1.365s] -- Configured cppcheck include dirs: $<BUILD_INTERFACE:/home/matus/LRS-zadania/workspace/src/my_package/include>
[1.366s] -- Configured cppcheck exclude dirs and/or files: 
[1.366s] -- Added test 'cpplint' to check C / C++ code against the Google style
[1.366s] -- Configured cpplint exclude dirs and/or files: 
[1.367s] -- Added test 'lint_cmake' to check CMake code style
[1.368s] -- Added test 'uncrustify' to check C / C++ code style
[1.368s] -- Configured uncrustify additional arguments: 
[1.369s] -- Added test 'xmllint' to check XML markup files
[1.375s] -- Configuring done
[1.381s] -- Generating done
[1.381s] -- Build files have been written to: /home/matus/LRS-zadania/workspace/build/my_package
[1.388s] Invoked command in '/home/matus/LRS-zadania/workspace/build/my_package' returned '0': CMAKE_PREFIX_PATH=/opt/ros/foxy /usr/bin/cmake /home/matus/LRS-zadania/workspace/src/my_package -DCMAKE_INSTALL_PREFIX=/home/matus/LRS-zadania/workspace/install/my_package
[1.396s] Invoking command in '/home/matus/LRS-zadania/workspace/build/my_package': CMAKE_PREFIX_PATH=/opt/ros/foxy /usr/bin/cmake --build /home/matus/LRS-zadania/workspace/build/my_package -- -j16 -l16
[1.478s] [35m[1mScanning dependencies of target my_node[0m
[1.505s] [ 50%] [32mBuilding CXX object CMakeFiles/my_node.dir/src/my_node.cpp.o[0m
[1.595s] [100%] [32m[1mLinking CXX executable my_node[0m
[1.681s] [100%] Built target my_node
[1.705s] Invoked command in '/home/matus/LRS-zadania/workspace/build/my_package' returned '0': CMAKE_PREFIX_PATH=/opt/ros/foxy /usr/bin/cmake --build /home/matus/LRS-zadania/workspace/build/my_package -- -j16 -l16
[1.791s] Invoking command in '/home/matus/LRS-zadania/workspace/build/my_package': CMAKE_PREFIX_PATH=/opt/ros/foxy /usr/bin/cmake --install /home/matus/LRS-zadania/workspace/build/my_package
[1.808s] -- Install configuration: ""
[1.809s] -- Installing: /home/matus/LRS-zadania/workspace/install/my_package/lib/my_package/my_node
[1.809s] -- Installing: /home/matus/LRS-zadania/workspace/install/my_package/share/ament_index/resource_index/package_run_dependencies/my_package
[1.809s] -- Installing: /home/matus/LRS-zadania/workspace/install/my_package/share/ament_index/resource_index/parent_prefix_path/my_package
[1.810s] -- Installing: /home/matus/LRS-zadania/workspace/install/my_package/share/my_package/environment/ament_prefix_path.sh
[1.810s] -- Installing: /home/matus/LRS-zadania/workspace/install/my_package/share/my_package/environment/ament_prefix_path.dsv
[1.810s] -- Installing: /home/matus/LRS-zadania/workspace/install/my_package/share/my_package/environment/path.sh
[1.810s] -- Installing: /home/matus/LRS-zadania/workspace/install/my_package/share/my_package/environment/path.dsv
[1.811s] -- Installing: /home/matus/LRS-zadania/workspace/install/my_package/share/my_package/local_setup.bash
[1.811s] -- Installing: /home/matus/LRS-zadania/workspace/install/my_package/share/my_package/local_setup.sh
[1.811s] -- Installing: /home/matus/LRS-zadania/workspace/install/my_package/share/my_package/local_setup.zsh
[1.811s] -- Installing: /home/matus/LRS-zadania/workspace/install/my_package/share/my_package/local_setup.dsv
[1.811s] -- Installing: /home/matus/LRS-zadania/workspace/install/my_package/share/my_package/package.dsv
[1.812s] -- Installing: /home/matus/LRS-zadania/workspace/install/my_package/share/ament_index/resource_index/packages/my_package
[1.812s] -- Installing: /home/matus/LRS-zadania/workspace/install/my_package/share/my_package/cmake/my_packageConfig.cmake
[1.812s] -- Installing: /home/matus/LRS-zadania/workspace/install/my_package/share/my_package/cmake/my_packageConfig-version.cmake
[1.812s] -- Installing: /home/matus/LRS-zadania/workspace/install/my_package/share/my_package/package.xml
[1.816s] Invoked command in '/home/matus/LRS-zadania/workspace/build/my_package' returned '0': CMAKE_PREFIX_PATH=/opt/ros/foxy /usr/bin/cmake --install /home/matus/LRS-zadania/workspace/build/my_package
